*** PF INFO ***
Time: Thu Dec 14 12:41:34 2023
System: C:/Users/mike kamerman/Documents/RobotStudio/Projects/Process_and_Safety_V2/Virtual Controllers/CRB1100_4_47
RobotWare: 7.10.0
RobotControl: 7.10.0
Shutdown type: 1 mode: 1 reason: 1
Image lost in previous shutdown: no
Restart counter: 0
CFG counter value: 7249
Unfinished crit sec: 0

*** PF INFO ***
Time: Thu Dec 14 13:42:00 2023
System: C:/Users/mike kamerman/Documents/RobotStudio/Projects/Process_and_Safety_V2/Virtual Controllers/CRB1100_4_47
RobotWare: 7.10.0
RobotControl: 7.10.0
Shutdown type: 1 mode: 1 reason: 1
Image lost in previous shutdown: no
Restart counter: 1
CFG counter value: 7493
Unfinished crit sec: 0

*** PF INFO ***
Time: Tue Dec 19 20:39:29 2023
System: C:/Users/mike kamerman/Documents/RobotStudio/Projects/Process_and_Safety_V2/Virtual Controllers/CRB1100_4_47
RobotWare: 7.10.0
RobotControl: 7.10.0
Shutdown type: 1 mode: 1 reason: 1
Image lost in previous shutdown: no
Restart counter: 2
CFG counter value: 7576
Unfinished crit sec: 0

*** PF INFO ***
Time: Thu Dec 21 13:08:11 2023
System: C:/Users/mike kamerman/Documents/RobotStudio/Projects/Process_and_Safety_V2/Virtual Controllers/CRB1100_4_47
RobotWare: 7.10.0
RobotControl: 7.10.0
Shutdown type: 1 mode: 1 reason: 1
Image lost in previous shutdown: no
Restart counter: 3
CFG counter value: 7659
Unfinished crit sec: 0

*** PF INFO ***
Time: Thu Dec 21 14:27:59 2023
System: C:/Users/mike kamerman/Documents/RobotStudio/Projects/Process_and_Safety_V2/Virtual Controllers/CRB1100_4_47
RobotWare: 7.10.0
RobotControl: 7.10.0
Shutdown type: 1 mode: 1 reason: 1
Image lost in previous shutdown: no
Restart counter: 4
CFG counter value: 7742
Unfinished crit sec: 0

*** PF INFO ***
Time: Thu Dec 21 14:28:38 2023
System: C:/Users/mike kamerman/Documents/RobotStudio/Projects/Process_and_Safety_V2/Virtual Controllers/CRB1100_4_47
RobotWare: 7.10.0
RobotControl: 7.10.0
Shutdown type: 1 mode: 1 reason: 1
Image lost in previous shutdown: no
Restart counter: 5
CFG counter value: 7825
Unfinished crit sec: 0

*** PF INFO ***
Time: Thu Dec 21 14:31:20 2023
System: C:/Users/mike kamerman/Documents/RobotStudio/Projects/Process_and_Safety_V2/Virtual Controllers/CRB1100_4_47
RobotWare: 7.10.0
RobotControl: 7.10.0
Shutdown type: 1 mode: 1 reason: 1
Image lost in previous shutdown: no
Restart counter: 6
CFG counter value: 7908
Unfinished crit sec: 0

*** PF INFO ***
Time: Thu Dec 21 14:31:55 2023
System: C:/Users/mike kamerman/Documents/RobotStudio/Projects/Process_and_Safety_V2/Virtual Controllers/CRB1100_4_47
RobotWare: 7.10.0
RobotControl: 7.10.0
Shutdown type: 1 mode: 1 reason: 1
Image lost in previous shutdown: no
Restart counter: 0
CFG counter value: 7249
Unfinished crit sec: 0

*** PF INFO ***
Time: Thu Dec 21 14:32:09 2023
System: C:/Users/mike kamerman/Documents/RobotStudio/Projects/Process_and_Safety_V2/Virtual Controllers/CRB1100_4_47
RobotWare: 7.10.0
RobotControl: 7.10.0
Shutdown type: 1 mode: 1 reason: 1
Image lost in previous shutdown: no
Restart counter: 1
CFG counter value: 7986
Unfinished crit sec: 0

*** PF INFO ***
Time: Thu Dec 21 14:32:23 2023
System: C:/Users/mike kamerman/Documents/RobotStudio/Projects/Process_and_Safety_V2/Virtual Controllers/CRB1100_4_47
RobotWare: 7.10.0
RobotControl: 7.10.0
Shutdown type: 1 mode: 1 reason: 1
Image lost in previous shutdown: no
Restart counter: 2
CFG counter value: 8069
Unfinished crit sec: 0

*** PF INFO ***
Time: Thu Dec 21 14:33:15 2023
System: C:/Users/mike kamerman/Documents/RobotStudio/Projects/Process_and_Safety_V2/Virtual Controllers/CRB1100_4_47
RobotWare: 7.10.0
RobotControl: 7.10.0
Shutdown type: 3 mode: 1 reason: 1
Image lost in previous shutdown: no
Restart counter: 3
CFG counter value: 8152
Unfinished crit sec: 0

*** PF INFO ***
Time: Thu Dec 21 14:33:18 2023
System: C:/Users/mike kamerman/Documents/RobotStudio/Projects/Process_and_Safety_V2/Virtual Controllers/CRB1100_4_47
RobotControl: 7.10.0
Shutdown type: 1 mode: 1 reason: 1
Image lost in previous shutdown: no
Restart counter: 0
CFG counter value: 7350
Unfinished crit sec: 0

*** PF INFO ***
Time: Thu Dec 21 14:40:48 2023
System: C:/Users/mike kamerman/Documents/RobotStudio/Projects/Process_and_Safety_V2/Virtual Controllers/CRB1100_4_47
RobotControl: 7.10.0
Shutdown type: 1 mode: 1 reason: 1
Image lost in previous shutdown: no
Restart counter: 1
CFG counter value: 7787
Unfinished crit sec: 0

*** PF INFO ***
Time: Thu Dec 21 14:50:46 2023
System: C:/Users/mike kamerman/Documents/RobotStudio/Projects/Process_and_Safety_V2/Virtual Controllers/CRB1100_4_47
RobotControl: 7.10.0
Shutdown type: 1 mode: 1 reason: 1
Image lost in previous shutdown: no
Restart counter: 2
CFG counter value: 7895
Unfinished crit sec: 0

*** PF INFO ***
Time: Thu Dec 21 14:56:11 2023
System: C:/Users/mike kamerman/Documents/RobotStudio/Projects/Process_and_Safety_V2/Virtual Controllers/CRB1100_4_47
RobotControl: 7.10.0
Shutdown type: 1 mode: 1 reason: 1
Image lost in previous shutdown: no
Restart counter: 3
CFG counter value: 7980
Unfinished crit sec: 0

*** PF INFO ***
Time: Thu Dec 21 14:57:36 2023
System: C:/Users/mike kamerman/Documents/RobotStudio/Projects/Process_and_Safety_V2/Virtual Controllers/CRB1100_4_47
RobotControl: 7.10.0
Shutdown type: 1 mode: 1 reason: 1
Image lost in previous shutdown: no
Restart counter: 4
CFG counter value: 8063
Unfinished crit sec: 0

*** PF INFO ***
Time: Thu Dec 21 15:43:43 2023
System: C:/Users/mike kamerman/Documents/RobotStudio/Projects/Process_and_Safety_V2/Virtual Controllers/CRB1100_4_47
RobotControl: 7.10.0
Shutdown type: 1 mode: 1 reason: 1
Image lost in previous shutdown: no
Restart counter: 5
CFG counter value: 8147
Unfinished crit sec: 0

*** PF INFO ***
Time: Thu Dec 21 17:07:25 2023
System: C:/Users/mike kamerman/Documents/RobotStudio/Projects/Process_and_Safety_V2/Virtual Controllers/CRB1100_4_47
RobotControl: 7.10.0
Shutdown type: 1 mode: 1 reason: 1
Image lost in previous shutdown: no
Restart counter: 6
CFG counter value: 8230
Unfinished crit sec: 0

*** PF INFO ***
Time: Tue Jan  9 12:18:17 2024
System: C:/Users/mike kamerman/Documents/RobotStudio/Projects/Process_and_Safety_V2/Virtual Controllers/CRB1100_4_47
RobotControl: 7.10.0
Shutdown type: 1 mode: 1 reason: 1
Image lost in previous shutdown: no
Restart counter: 7
CFG counter value: 8313
Unfinished crit sec: 0

*** PF INFO ***
Time: Tue Jan  9 12:27:07 2024
System: C:/Users/mike kamerman/Documents/RobotStudio/Projects/Process_and_Safety_V2/Virtual Controllers/CRB1100_4_47
RobotControl: 7.10.0
Shutdown type: 1 mode: 1 reason: 1
Image lost in previous shutdown: no
Restart counter: 8
CFG counter value: 8396
Unfinished crit sec: 0

*** PF INFO ***
Time: Tue Jan  9 13:04:13 2024
System: C:/Users/mike kamerman/Documents/RobotStudio/Projects/Process_and_Safety_V2/Virtual Controllers/CRB1100_4_47
RobotControl: 7.10.0
Shutdown type: 1 mode: 1 reason: 1
Image lost in previous shutdown: no
Restart counter: 9
CFG counter value: 8479
Unfinished crit sec: 0

*** PF INFO ***
Time: Tue Jan  9 13:22:23 2024
System: C:/Users/mike kamerman/Documents/RobotStudio/Projects/Process_and_Safety_V2/Virtual Controllers/CRB1100_4_47
RobotControl: 7.10.0
Shutdown type: 1 mode: 1 reason: 1
Image lost in previous shutdown: no
Restart counter: 10
CFG counter value: 8562
Unfinished crit sec: 0

*** PF INFO ***
Time: Fri Jan 12 18:47:17 2024
System: C:/Users/mike kamerman/Documents/RobotStudio/Projects/Process_and_Safety_V2/Virtual Controllers/CRB1100_4_47
RobotControl: 7.10.0
Shutdown type: 1 mode: 1 reason: 1
Image lost in previous shutdown: no
Restart counter: 11
CFG counter value: 8645
Unfinished crit sec: 0

*** PF INFO ***
Time: Fri Jan 12 19:20:12 2024
System: C:/Users/mike kamerman/Documents/RobotStudio/Projects/Process_and_Safety_V2/Virtual Controllers/CRB1100_4_47
RobotControl: 7.10.0
Shutdown type: 1 mode: 1 reason: 1
Image lost in previous shutdown: no
Restart counter: 12
CFG counter value: 8728
Unfinished crit sec: 0

*** PF INFO ***
Time: Fri Jan 12 22:00:21 2024
System: C:/Users/mike kamerman/Documents/RobotStudio/Projects/Process_and_Safety_V2/Virtual Controllers/CRB1100_4_47
RobotControl: 7.10.0
Shutdown type: 1 mode: 1 reason: 1
Image lost in previous shutdown: no
Restart counter: 13
CFG counter value: 8811
Unfinished crit sec: 0

*** PF INFO ***
Time: Mon Jan 22 11:24:39 2024
System: C:/Users/mike kamerman/Documents/RobotStudio/Projects/Process_and_Safety_V2/Virtual Controllers/CRB1100_4_47
RobotControl: 7.10.0
Shutdown type: 1 mode: 1 reason: 1
Image lost in previous shutdown: no
Restart counter: 14
CFG counter value: 8894
Unfinished crit sec: 0

*** PF INFO ***
Time: Tue Jan 23 12:21:22 2024
System: C:/#School/#Minor Industrial Automation/#Process and Safety/#Project/PS_diagrams/Robot_program/Process_and_Safety_V2/Process_and_Safety_V2/Virtual Controllers/CRB1100_4_47
RobotWare: 7.10.0
RobotControl: 7.10.0
Shutdown type: 1 mode: 1 reason: 1
Image lost in previous shutdown: no
Restart counter: 0
CFG counter value: 7349
Unfinished crit sec: 0

