<9>Dec 14 12:41:34 CRB1100_4_47 ABB-UAL:01:Security log file deleted by user|-|syslog.log not found|3420|00001|-|robot|syslog	1
<13>Dec 14 12:41:36 CRB1100_4_47 ABB-UAL:01:Log-in successful|-|UAS_UID=65537|1110|00002|-|robot|NativeUser	2
<13>Dec 14 12:41:37 CRB1100_4_47 ABB-UAL:01:Log-in successful|-|UAS_UID=131074|1110|00003|-|robot|NativeUser	3
<13>Dec 14 12:41:37 CRB1100_4_47 ABB-UAL:01:Log-in successful|-|UAS_UID=196611|1110|00004|-|robot|NativeUser	4
<13>Dec 14 12:41:38 CRB1100_4_47 ABB-UAL:01:Log-in successful|-|UAS_UID=262148|1110|00005|-|robot|NativeUser	5
<13>Dec 14 12:41:38 CRB1100_4_47 ABB-UAL:01:Log-in successful|-|UAS_UID=327685|1110|00006|-|robot|NativeUser	6
<13>Dec 14 12:41:38 CRB1100_4_47 ABB-UAL:01:Log-in successful|-|UAS_UID=393222|1110|00007|-|robot|NativeUser	7
<13>Dec 14 12:41:39 CRB1100_4_47 ABB-UAL:01:Log-in successful|-|UAS_UID=458759|1110|00008|-|robot|NativeUser	8
<13>Dec 14 12:41:39 CRB1100_4_47 ABB-UAL:01:Log-in successful|-|UAS_UID=524296|1110|00009|-|robot|NativeUser	9
<13>Dec 14 12:41:41 CRB1100_4_47 ABB-UAL:01:Log-in successful|-|UAS_UID=589833|1110|00010|-|robot|Admin	10
<13>Dec 14 12:41:41 CRB1100_4_47 ABB-UAL:01:Log-in successful|-|UAS_UID=655370|1110|00011|-|robot|Admin	11
<13>Dec 14 13:42:00 CRB1100_4_47 ABB-UAL:01:Log-out (user logged out)|-|UAS_UID=655370|1210|00012|-|robot|	12
<13>Dec 14 13:42:00 CRB1100_4_47 ABB-UAL:01:Log-out (user logged out)|-|UAS_UID=589833|1210|00013|-|robot|	13
<13>Dec 14 13:42:00 CRB1100_4_47 ABB-UAL:01:Log-out (user logged out)|-|Socket=7424|1210|00014|-|robot|	14
<13>Dec 19 19:37:47 CRB1100_4_47 ABB-UAL:01:Log-in successful|-|UAS_UID=65537|1110|00015|-|robot|NativeUser	15
<13>Dec 19 19:37:47 CRB1100_4_47 ABB-UAL:01:Log-in successful|-|UAS_UID=131074|1110|00016|-|robot|NativeUser	16
<13>Dec 19 19:37:48 CRB1100_4_47 ABB-UAL:01:Log-in successful|-|UAS_UID=196611|1110|00017|-|robot|NativeUser	17
<13>Dec 19 19:37:48 CRB1100_4_47 ABB-UAL:01:Log-in successful|-|UAS_UID=262148|1110|00018|-|robot|NativeUser	18
<13>Dec 19 19:37:48 CRB1100_4_47 ABB-UAL:01:Log-in successful|-|UAS_UID=327685|1110|00019|-|robot|NativeUser	19
<13>Dec 19 19:37:48 CRB1100_4_47 ABB-UAL:01:Log-in successful|-|UAS_UID=393222|1110|00020|-|robot|NativeUser	20
<13>Dec 19 19:37:49 CRB1100_4_47 ABB-UAL:01:Log-in successful|-|UAS_UID=458759|1110|00021|-|robot|NativeUser	21
<13>Dec 19 19:37:50 CRB1100_4_47 ABB-UAL:01:Log-in successful|-|UAS_UID=524296|1110|00022|-|robot|Admin	22
<13>Dec 19 19:37:50 CRB1100_4_47 ABB-UAL:01:Log-in successful|-|UAS_UID=589833|1110|00023|-|robot|Admin	23
<13>Dec 19 20:39:28 CRB1100_4_47 ABB-UAL:01:Log-out (user logged out)|-|UAS_UID=589833|1210|00024|-|robot|	24
<13>Dec 19 20:39:28 CRB1100_4_47 ABB-UAL:01:Log-out (user logged out)|-|UAS_UID=524296|1210|00025|-|robot|	25
<13>Dec 19 20:39:28 CRB1100_4_47 ABB-UAL:01:Log-out (user logged out)|-|Socket=7416|1210|00026|-|robot|	26
<13>Dec 21 12:32:14 CRB1100_4_47 ABB-UAL:01:Log-in successful|-|UAS_UID=65537|1110|00027|-|robot|NativeUser	27
<13>Dec 21 12:32:14 CRB1100_4_47 ABB-UAL:01:Log-in successful|-|UAS_UID=131074|1110|00028|-|robot|NativeUser	28
<13>Dec 21 12:32:15 CRB1100_4_47 ABB-UAL:01:Log-in successful|-|UAS_UID=196611|1110|00029|-|robot|NativeUser	29
<13>Dec 21 12:32:15 CRB1100_4_47 ABB-UAL:01:Log-in successful|-|UAS_UID=262148|1110|00030|-|robot|NativeUser	30
<13>Dec 21 12:32:15 CRB1100_4_47 ABB-UAL:01:Log-in successful|-|UAS_UID=327685|1110|00031|-|robot|NativeUser	31
<13>Dec 21 12:32:15 CRB1100_4_47 ABB-UAL:01:Log-in successful|-|UAS_UID=393222|1110|00032|-|robot|NativeUser	32
<13>Dec 21 12:32:16 CRB1100_4_47 ABB-UAL:01:Log-in successful|-|UAS_UID=458759|1110|00033|-|robot|NativeUser	33
<13>Dec 21 12:32:17 CRB1100_4_47 ABB-UAL:01:Log-in successful|-|UAS_UID=524296|1110|00034|-|robot|Admin	34
<13>Dec 21 12:32:18 CRB1100_4_47 ABB-UAL:01:Log-in successful|-|UAS_UID=589833|1110|00035|-|robot|Admin	35
<13>Dec 21 13:08:10 CRB1100_4_47 ABB-UAL:01:Log-out (user logged out)|-|UAS_UID=589833|1210|00036|-|robot|	36
<13>Dec 21 13:08:10 CRB1100_4_47 ABB-UAL:01:Log-out (user logged out)|-|UAS_UID=524296|1210|00037|-|robot|	37
<13>Dec 21 13:08:10 CRB1100_4_47 ABB-UAL:01:Log-out (user logged out)|-|Socket=7416|1210|00038|-|robot|	38
<13>Dec 21 14:11:32 CRB1100_4_47 ABB-UAL:01:Log-in successful|-|UAS_UID=65537|1110|00039|-|robot|NativeUser	39
<13>Dec 21 14:11:32 CRB1100_4_47 ABB-UAL:01:Log-in successful|-|UAS_UID=131074|1110|00040|-|robot|NativeUser	40
<13>Dec 21 14:11:33 CRB1100_4_47 ABB-UAL:01:Log-in successful|-|UAS_UID=196611|1110|00041|-|robot|NativeUser	41
<13>Dec 21 14:11:33 CRB1100_4_47 ABB-UAL:01:Log-in successful|-|UAS_UID=262148|1110|00042|-|robot|NativeUser	42
<13>Dec 21 14:11:33 CRB1100_4_47 ABB-UAL:01:Log-in successful|-|UAS_UID=327685|1110|00043|-|robot|NativeUser	43
<13>Dec 21 14:11:33 CRB1100_4_47 ABB-UAL:01:Log-in successful|-|UAS_UID=393222|1110|00044|-|robot|NativeUser	44
<13>Dec 21 14:11:34 CRB1100_4_47 ABB-UAL:01:Log-in successful|-|UAS_UID=458759|1110|00045|-|robot|NativeUser	45
<13>Dec 21 14:11:36 CRB1100_4_47 ABB-UAL:01:Log-in successful|-|UAS_UID=524296|1110|00046|-|robot|Admin	46
<13>Dec 21 14:11:36 CRB1100_4_47 ABB-UAL:01:Log-in successful|-|UAS_UID=589833|1110|00047|-|robot|Admin	47
<13>Dec 21 14:27:59 CRB1100_4_47 ABB-UAL:01:Control system restarted|-|restart warmstart|5150|00048|-|robot|524296	48
<13>Dec 21 14:28:02 CRB1100_4_47 ABB-UAL:01:Log-in successful|-|UAS_UID=65537|1110|00049|-|robot|NativeUser	49
<13>Dec 21 14:28:03 CRB1100_4_47 ABB-UAL:01:Log-in successful|-|UAS_UID=131074|1110|00050|-|robot|NativeUser	50
<13>Dec 21 14:28:03 CRB1100_4_47 ABB-UAL:01:Log-in successful|-|UAS_UID=196611|1110|00051|-|robot|NativeUser	51
<13>Dec 21 14:28:03 CRB1100_4_47 ABB-UAL:01:Log-in successful|-|UAS_UID=262148|1110|00052|-|robot|NativeUser	52
<13>Dec 21 14:28:03 CRB1100_4_47 ABB-UAL:01:Log-in successful|-|UAS_UID=327685|1110|00053|-|robot|NativeUser	53
<13>Dec 21 14:28:03 CRB1100_4_47 ABB-UAL:01:Log-in successful|-|UAS_UID=393222|1110|00054|-|robot|NativeUser	54
<13>Dec 21 14:28:04 CRB1100_4_47 ABB-UAL:01:Log-in successful|-|UAS_UID=458759|1110|00055|-|robot|NativeUser	55
<13>Dec 21 14:28:07 CRB1100_4_47 ABB-UAL:01:Log-in successful|-|UAS_UID=524296|1110|00056|-|robot|Admin	56
<13>Dec 21 14:28:07 CRB1100_4_47 ABB-UAL:01:Log-in successful|-|UAS_UID=589833|1110|00057|-|robot|Admin	57
<13>Dec 21 14:28:37 CRB1100_4_47 ABB-UAL:01:Control system restarted|-|restart warmstart|5150|00058|-|robot|524296	58
<13>Dec 21 14:28:40 CRB1100_4_47 ABB-UAL:01:Log-in successful|-|UAS_UID=65537|1110|00059|-|robot|NativeUser	59
<13>Dec 21 14:28:41 CRB1100_4_47 ABB-UAL:01:Log-in successful|-|UAS_UID=131074|1110|00060|-|robot|NativeUser	60
<13>Dec 21 14:28:41 CRB1100_4_47 ABB-UAL:01:Log-in successful|-|UAS_UID=196611|1110|00061|-|robot|NativeUser	61
<13>Dec 21 14:28:41 CRB1100_4_47 ABB-UAL:01:Log-in successful|-|UAS_UID=262148|1110|00062|-|robot|NativeUser	62
<13>Dec 21 14:28:41 CRB1100_4_47 ABB-UAL:01:Log-in successful|-|UAS_UID=327685|1110|00063|-|robot|NativeUser	63
<13>Dec 21 14:28:41 CRB1100_4_47 ABB-UAL:01:Log-in successful|-|UAS_UID=393222|1110|00064|-|robot|NativeUser	64
<13>Dec 21 14:28:42 CRB1100_4_47 ABB-UAL:01:Log-in successful|-|UAS_UID=458759|1110|00065|-|robot|NativeUser	65
<13>Dec 21 14:28:45 CRB1100_4_47 ABB-UAL:01:Log-in successful|-|UAS_UID=524296|1110|00066|-|robot|Admin	66
<13>Dec 21 14:28:45 CRB1100_4_47 ABB-UAL:01:Log-in successful|-|UAS_UID=589833|1110|00067|-|robot|Admin	67
<13>Dec 21 14:31:19 CRB1100_4_47 ABB-UAL:01:Log-out (user logged out)|-|UAS_UID=589833|1210|00068|-|robot|	68
<13>Dec 21 14:31:19 CRB1100_4_47 ABB-UAL:01:Log-out (user logged out)|-|UAS_UID=524296|1210|00069|-|robot|	69
<13>Dec 21 14:31:20 CRB1100_4_47 ABB-UAL:01:Log-out (user logged out)|-|Socket=7412|1210|00070|-|robot|	70
<13>Dec 21 14:31:58 CRB1100_4_47 ABB-UAL:01:Log-in successful|-|UAS_UID=65537|1110|00071|-|robot|NativeUser	71
<13>Dec 21 14:31:59 CRB1100_4_47 ABB-UAL:01:Log-in successful|-|UAS_UID=131074|1110|00072|-|robot|NativeUser	72
<13>Dec 21 14:31:59 CRB1100_4_47 ABB-UAL:01:Log-in successful|-|UAS_UID=196611|1110|00073|-|robot|NativeUser	73
<13>Dec 21 14:32:00 CRB1100_4_47 ABB-UAL:01:Log-in successful|-|UAS_UID=262148|1110|00074|-|robot|NativeUser	74
<13>Dec 21 14:32:00 CRB1100_4_47 ABB-UAL:01:Log-in successful|-|UAS_UID=327685|1110|00075|-|robot|NativeUser	75
<13>Dec 21 14:32:00 CRB1100_4_47 ABB-UAL:01:Log-in successful|-|UAS_UID=393222|1110|00076|-|robot|NativeUser	76
<13>Dec 21 14:32:01 CRB1100_4_47 ABB-UAL:01:Log-in successful|-|UAS_UID=458759|1110|00077|-|robot|NativeUser	77
<13>Dec 21 14:32:01 CRB1100_4_47 ABB-UAL:01:Log-in successful|-|UAS_UID=524296|1110|00078|-|robot|NativeUser	78
<13>Dec 21 14:32:07 CRB1100_4_47 ABB-UAL:01:Log-in successful|-|UAS_UID=589833|1110|00079|-|robot|Default User	79
<13>Dec 21 14:32:07 CRB1100_4_47 ABB-UAL:01:Log-in successful|-|UAS_UID=655370|1110|00080|-|robot|Default User	80
<13>Dec 21 14:32:07 CRB1100_4_47 ABB-UAL:01:Configuration upload|-|Start restore|1331|00081|-|robot|589833	81
<13>Dec 21 14:32:11 CRB1100_4_47 ABB-UAL:01:Log-in successful|-|UAS_UID=65537|1110|00082|-|robot|NativeUser	82
<13>Dec 21 14:32:12 CRB1100_4_47 ABB-UAL:01:Log-in successful|-|UAS_UID=131074|1110|00083|-|robot|NativeUser	83
<13>Dec 21 14:32:12 CRB1100_4_47 ABB-UAL:01:Log-in successful|-|UAS_UID=196611|1110|00084|-|robot|NativeUser	84
<13>Dec 21 14:32:13 CRB1100_4_47 ABB-UAL:01:Log-in successful|-|UAS_UID=262148|1110|00085|-|robot|NativeUser	85
<13>Dec 21 14:32:13 CRB1100_4_47 ABB-UAL:01:Log-in successful|-|UAS_UID=327685|1110|00086|-|robot|NativeUser	86
<13>Dec 21 14:32:13 CRB1100_4_47 ABB-UAL:01:Log-in successful|-|UAS_UID=393222|1110|00087|-|robot|NativeUser	87
<13>Dec 21 14:32:14 CRB1100_4_47 ABB-UAL:01:Log-in successful|-|UAS_UID=458759|1110|00088|-|robot|NativeUser	88
<13>Dec 21 14:32:14 CRB1100_4_47 ABB-UAL:01:Log-in successful|-|UAS_UID=524296|1110|00089|-|robot|NativeUser	89
<13>Dec 21 14:32:18 CRB1100_4_47 ABB-UAL:01:Log-in successful|-|UAS_UID=589833|1110|00090|-|robot|Default User	90
<13>Dec 21 14:32:18 CRB1100_4_47 ABB-UAL:01:Log-in successful|-|UAS_UID=655370|1110|00091|-|robot|Default User	91
<13>Dec 21 14:32:23 CRB1100_4_47 ABB-UAL:01:Log-out (user logged out)|-|UAS_UID=655370|1210|00092|-|robot|	92
<13>Dec 21 14:32:23 CRB1100_4_47 ABB-UAL:01:Log-out (user logged out)|-|UAS_UID=589833|1210|00093|-|robot|	93
<13>Dec 21 14:32:23 CRB1100_4_47 ABB-UAL:01:Log-out (user logged out)|-|Socket=7436|1210|00094|-|robot|	94
<13>Dec 21 14:32:26 CRB1100_4_47 ABB-UAL:01:Log-in successful|-|UAS_UID=65537|1110|00095|-|robot|NativeUser	95
<13>Dec 21 14:32:26 CRB1100_4_47 ABB-UAL:01:Log-in successful|-|UAS_UID=131074|1110|00096|-|robot|NativeUser	96
<13>Dec 21 14:32:27 CRB1100_4_47 ABB-UAL:01:Log-in successful|-|UAS_UID=196611|1110|00097|-|robot|NativeUser	97
<13>Dec 21 14:32:27 CRB1100_4_47 ABB-UAL:01:Log-in successful|-|UAS_UID=262148|1110|00098|-|robot|NativeUser	98
<13>Dec 21 14:32:27 CRB1100_4_47 ABB-UAL:01:Log-in successful|-|UAS_UID=327685|1110|00099|-|robot|NativeUser	99
<13>Dec 21 14:32:27 CRB1100_4_47 ABB-UAL:01:Log-in successful|-|UAS_UID=393222|1110|00100|-|robot|NativeUser	100
<13>Dec 21 14:32:28 CRB1100_4_47 ABB-UAL:01:Log-in successful|-|UAS_UID=458759|1110|00101|-|robot|NativeUser	101
<13>Dec 21 14:32:29 CRB1100_4_47 ABB-UAL:01:Log-in successful|-|UAS_UID=524296|1110|00102|-|robot|Admin	102
<13>Dec 21 14:32:29 CRB1100_4_47 ABB-UAL:01:Log-in successful|-|UAS_UID=589833|1110|00103|-|robot|Admin	103
<13>Dec 21 14:33:15 CRB1100_4_47 ABB-UAL:01:Control system restarted|-|mode=3|5150|00104|-|robot|524296	104
<13>Dec 21 14:33:20 CRB1100_4_47 ABB-UAL:01:Log-in successful|-|UAS_UID=65537|1110|00105|-|robot|NativeUser	105
<13>Dec 21 14:33:21 CRB1100_4_47 ABB-UAL:01:Log-in successful|-|UAS_UID=131074|1110|00106|-|robot|NativeUser	106
<13>Dec 21 14:33:21 CRB1100_4_47 ABB-UAL:01:Log-in successful|-|UAS_UID=196611|1110|00107|-|robot|NativeUser	107
<13>Dec 21 14:33:22 CRB1100_4_47 ABB-UAL:01:Log-in successful|-|UAS_UID=262148|1110|00108|-|robot|NativeUser	108
<13>Dec 21 14:33:22 CRB1100_4_47 ABB-UAL:01:Log-in successful|-|UAS_UID=327685|1110|00109|-|robot|NativeUser	109
<13>Dec 21 14:33:22 CRB1100_4_47 ABB-UAL:01:Log-in successful|-|UAS_UID=393222|1110|00110|-|robot|NativeUser	110
<13>Dec 21 14:33:23 CRB1100_4_47 ABB-UAL:01:Log-in successful|-|UAS_UID=458759|1110|00111|-|robot|NativeUser	111
<13>Dec 21 14:33:23 CRB1100_4_47 ABB-UAL:01:Log-in successful|-|UAS_UID=524296|1110|00112|-|robot|NativeUser	112
<13>Dec 21 14:33:27 CRB1100_4_47 ABB-UAL:01:Log-in successful|-|UAS_UID=589833|1110|00113|-|robot|Admin	113
<13>Dec 21 14:33:27 CRB1100_4_47 ABB-UAL:01:Log-in successful|-|UAS_UID=655370|1110|00114|-|robot|Admin	114
<13>Dec 21 14:40:48 CRB1100_4_47 ABB-UAL:01:Control system restarted|-|restart warmstart|5150|00115|-|robot|589833	115
<13>Dec 21 14:40:50 CRB1100_4_47 ABB-UAL:01:Log-in successful|-|UAS_UID=65537|1110|00116|-|robot|NativeUser	116
<13>Dec 21 14:40:51 CRB1100_4_47 ABB-UAL:01:Log-in successful|-|UAS_UID=131074|1110|00117|-|robot|NativeUser	117
<13>Dec 21 14:40:51 CRB1100_4_47 ABB-UAL:01:Log-in successful|-|UAS_UID=196611|1110|00118|-|robot|NativeUser	118
<13>Dec 21 14:40:51 CRB1100_4_47 ABB-UAL:01:Log-in successful|-|UAS_UID=262148|1110|00119|-|robot|NativeUser	119
<13>Dec 21 14:40:51 CRB1100_4_47 ABB-UAL:01:Log-in successful|-|UAS_UID=327685|1110|00120|-|robot|NativeUser	120
<13>Dec 21 14:40:51 CRB1100_4_47 ABB-UAL:01:Log-in successful|-|UAS_UID=393222|1110|00121|-|robot|NativeUser	121
<13>Dec 21 14:40:52 CRB1100_4_47 ABB-UAL:01:Log-in successful|-|UAS_UID=458759|1110|00122|-|robot|NativeUser	122
<13>Dec 21 14:40:55 CRB1100_4_47 ABB-UAL:01:Log-in successful|-|UAS_UID=524296|1110|00123|-|robot|Admin	123
<13>Dec 21 14:40:55 CRB1100_4_47 ABB-UAL:01:Log-in successful|-|UAS_UID=589833|1110|00124|-|robot|Admin	124
<13>Dec 21 14:50:46 CRB1100_4_47 ABB-UAL:01:Control system restarted|-|restart warmstart|5150|00125|-|robot|524296	125
<13>Dec 21 14:50:48 CRB1100_4_47 ABB-UAL:01:Log-in successful|-|UAS_UID=65537|1110|00126|-|robot|NativeUser	126
<13>Dec 21 14:50:49 CRB1100_4_47 ABB-UAL:01:Log-in successful|-|UAS_UID=131074|1110|00127|-|robot|NativeUser	127
<13>Dec 21 14:50:49 CRB1100_4_47 ABB-UAL:01:Log-in successful|-|UAS_UID=196611|1110|00128|-|robot|NativeUser	128
<13>Dec 21 14:50:49 CRB1100_4_47 ABB-UAL:01:Log-in successful|-|UAS_UID=262148|1110|00129|-|robot|NativeUser	129
<13>Dec 21 14:50:49 CRB1100_4_47 ABB-UAL:01:Log-in successful|-|UAS_UID=327685|1110|00130|-|robot|NativeUser	130
<13>Dec 21 14:50:49 CRB1100_4_47 ABB-UAL:01:Log-in successful|-|UAS_UID=393222|1110|00131|-|robot|NativeUser	131
<13>Dec 21 14:50:50 CRB1100_4_47 ABB-UAL:01:Log-in successful|-|UAS_UID=458759|1110|00132|-|robot|NativeUser	132
<13>Dec 21 14:50:53 CRB1100_4_47 ABB-UAL:01:Log-in successful|-|UAS_UID=524296|1110|00133|-|robot|Admin	133
<13>Dec 21 14:50:53 CRB1100_4_47 ABB-UAL:01:Log-in successful|-|UAS_UID=589833|1110|00134|-|robot|Admin	134
<13>Dec 21 14:56:11 CRB1100_4_47 ABB-UAL:01:Control system restarted|-|restart warmstart|5150|00135|-|robot|524296	135
<13>Dec 21 14:56:14 CRB1100_4_47 ABB-UAL:01:Log-in successful|-|UAS_UID=65537|1110|00136|-|robot|NativeUser	136
<13>Dec 21 14:56:14 CRB1100_4_47 ABB-UAL:01:Log-in successful|-|UAS_UID=131074|1110|00137|-|robot|NativeUser	137
<13>Dec 21 14:56:15 CRB1100_4_47 ABB-UAL:01:Log-in successful|-|UAS_UID=196611|1110|00138|-|robot|NativeUser	138
<13>Dec 21 14:56:15 CRB1100_4_47 ABB-UAL:01:Log-in successful|-|UAS_UID=262148|1110|00139|-|robot|NativeUser	139
<13>Dec 21 14:56:15 CRB1100_4_47 ABB-UAL:01:Log-in successful|-|UAS_UID=327685|1110|00140|-|robot|NativeUser	140
<13>Dec 21 14:56:15 CRB1100_4_47 ABB-UAL:01:Log-in successful|-|UAS_UID=393222|1110|00141|-|robot|NativeUser	141
<13>Dec 21 14:56:15 CRB1100_4_47 ABB-UAL:01:Log-in successful|-|UAS_UID=458759|1110|00142|-|robot|NativeUser	142
<13>Dec 21 14:56:19 CRB1100_4_47 ABB-UAL:01:Log-in successful|-|UAS_UID=524296|1110|00143|-|robot|Admin	143
<13>Dec 21 14:56:19 CRB1100_4_47 ABB-UAL:01:Log-in successful|-|UAS_UID=589833|1110|00144|-|robot|Admin	144
<13>Dec 21 14:57:36 CRB1100_4_47 ABB-UAL:01:Log-out (user logged out)|-|UAS_UID=589833|1210|00145|-|robot|	145
<13>Dec 21 14:57:36 CRB1100_4_47 ABB-UAL:01:Log-out (user logged out)|-|UAS_UID=524296|1210|00146|-|robot|	146
<13>Dec 21 14:57:36 CRB1100_4_47 ABB-UAL:01:Log-out (user logged out)|-|Socket=9152|1210|00147|-|robot|	147
<13>Dec 21 15:01:04 CRB1100_4_47 ABB-UAL:01:Log-in successful|-|UAS_UID=65537|1110|00148|-|robot|NativeUser	148
<13>Dec 21 15:01:05 CRB1100_4_47 ABB-UAL:01:Log-in successful|-|UAS_UID=131074|1110|00149|-|robot|NativeUser	149
<13>Dec 21 15:01:05 CRB1100_4_47 ABB-UAL:01:Log-in successful|-|UAS_UID=196611|1110|00150|-|robot|NativeUser	150
<13>Dec 21 15:01:05 CRB1100_4_47 ABB-UAL:01:Log-in successful|-|UAS_UID=262148|1110|00151|-|robot|NativeUser	151
<13>Dec 21 15:01:05 CRB1100_4_47 ABB-UAL:01:Log-in successful|-|UAS_UID=327685|1110|00152|-|robot|NativeUser	152
<13>Dec 21 15:01:05 CRB1100_4_47 ABB-UAL:01:Log-in successful|-|UAS_UID=393222|1110|00153|-|robot|NativeUser	153
<13>Dec 21 15:01:06 CRB1100_4_47 ABB-UAL:01:Log-in successful|-|UAS_UID=458759|1110|00154|-|robot|NativeUser	154
<13>Dec 21 15:01:08 CRB1100_4_47 ABB-UAL:01:Log-in successful|-|UAS_UID=524296|1110|00155|-|robot|Admin	155
<13>Dec 21 15:01:08 CRB1100_4_47 ABB-UAL:01:Log-in successful|-|UAS_UID=589833|1110|00156|-|robot|Admin	156
<13>Dec 21 15:43:43 CRB1100_4_47 ABB-UAL:01:Log-out (user logged out)|-|UAS_UID=589833|1210|00157|-|robot|	157
<13>Dec 21 15:43:43 CRB1100_4_47 ABB-UAL:01:Log-out (user logged out)|-|UAS_UID=524296|1210|00158|-|robot|	158
<13>Dec 21 15:43:43 CRB1100_4_47 ABB-UAL:01:Log-out (user logged out)|-|Socket=9156|1210|00159|-|robot|	159
<13>Dec 21 16:14:50 CRB1100_4_47 ABB-UAL:01:Log-in successful|-|UAS_UID=65537|1110|00160|-|robot|NativeUser	160
<13>Dec 21 16:14:51 CRB1100_4_47 ABB-UAL:01:Log-in successful|-|UAS_UID=131074|1110|00161|-|robot|NativeUser	161
<13>Dec 21 16:14:51 CRB1100_4_47 ABB-UAL:01:Log-in successful|-|UAS_UID=196611|1110|00162|-|robot|NativeUser	162
<13>Dec 21 16:14:51 CRB1100_4_47 ABB-UAL:01:Log-in successful|-|UAS_UID=262148|1110|00163|-|robot|NativeUser	163
<13>Dec 21 16:14:51 CRB1100_4_47 ABB-UAL:01:Log-in successful|-|UAS_UID=327685|1110|00164|-|robot|NativeUser	164
<13>Dec 21 16:14:51 CRB1100_4_47 ABB-UAL:01:Log-in successful|-|UAS_UID=393222|1110|00165|-|robot|NativeUser	165
<13>Dec 21 16:14:52 CRB1100_4_47 ABB-UAL:01:Log-in successful|-|UAS_UID=458759|1110|00166|-|robot|NativeUser	166
<13>Dec 21 16:14:54 CRB1100_4_47 ABB-UAL:01:Log-in successful|-|UAS_UID=524296|1110|00167|-|robot|Admin	167
<13>Dec 21 16:14:54 CRB1100_4_47 ABB-UAL:01:Log-in successful|-|UAS_UID=589833|1110|00168|-|robot|Admin	168
<13>Dec 21 17:07:24 CRB1100_4_47 ABB-UAL:01:Log-out (user logged out)|-|UAS_UID=589833|1210|00169|-|robot|	169
<13>Dec 21 17:07:24 CRB1100_4_47 ABB-UAL:01:Log-out (user logged out)|-|UAS_UID=524296|1210|00170|-|robot|	170
<13>Dec 21 17:07:24 CRB1100_4_47 ABB-UAL:01:Log-out (user logged out)|-|Socket=9156|1210|00171|-|robot|	171
<13>Jan  9 12:12:59 CRB1100_4_47 ABB-UAL:01:Log-in successful|-|UAS_UID=65537|1110|00172|-|robot|NativeUser	172
<13>Jan  9 12:13:00 CRB1100_4_47 ABB-UAL:01:Log-in successful|-|UAS_UID=131074|1110|00173|-|robot|NativeUser	173
<13>Jan  9 12:13:00 CRB1100_4_47 ABB-UAL:01:Log-in successful|-|UAS_UID=196611|1110|00174|-|robot|NativeUser	174
<13>Jan  9 12:13:00 CRB1100_4_47 ABB-UAL:01:Log-in successful|-|UAS_UID=262148|1110|00175|-|robot|NativeUser	175
<13>Jan  9 12:13:00 CRB1100_4_47 ABB-UAL:01:Log-in successful|-|UAS_UID=327685|1110|00176|-|robot|NativeUser	176
<13>Jan  9 12:13:00 CRB1100_4_47 ABB-UAL:01:Log-in successful|-|UAS_UID=393222|1110|00177|-|robot|NativeUser	177
<13>Jan  9 12:13:01 CRB1100_4_47 ABB-UAL:01:Log-in successful|-|UAS_UID=458759|1110|00178|-|robot|NativeUser	178
<13>Jan  9 12:13:02 CRB1100_4_47 ABB-UAL:01:Log-in successful|-|UAS_UID=524296|1110|00179|-|robot|Admin	179
<13>Jan  9 12:13:03 CRB1100_4_47 ABB-UAL:01:Log-in successful|-|UAS_UID=589833|1110|00180|-|robot|Admin	180
<13>Jan  9 12:18:17 CRB1100_4_47 ABB-UAL:01:Log-out (user logged out)|-|UAS_UID=589833|1210|00181|-|robot|	181
<13>Jan  9 12:18:17 CRB1100_4_47 ABB-UAL:01:Log-out (user logged out)|-|UAS_UID=524296|1210|00182|-|robot|	182
<13>Jan  9 12:18:17 CRB1100_4_47 ABB-UAL:01:Log-out (user logged out)|-|Socket=9156|1210|00183|-|robot|	183
<13>Jan  9 12:18:34 CRB1100_4_47 ABB-UAL:01:Log-in successful|-|UAS_UID=65537|1110|00184|-|robot|NativeUser	184
<13>Jan  9 12:18:34 CRB1100_4_47 ABB-UAL:01:Log-in successful|-|UAS_UID=131074|1110|00185|-|robot|NativeUser	185
<13>Jan  9 12:18:35 CRB1100_4_47 ABB-UAL:01:Log-in successful|-|UAS_UID=196611|1110|00186|-|robot|NativeUser	186
<13>Jan  9 12:18:35 CRB1100_4_47 ABB-UAL:01:Log-in successful|-|UAS_UID=262148|1110|00187|-|robot|NativeUser	187
<13>Jan  9 12:18:35 CRB1100_4_47 ABB-UAL:01:Log-in successful|-|UAS_UID=327685|1110|00188|-|robot|NativeUser	188
<13>Jan  9 12:18:35 CRB1100_4_47 ABB-UAL:01:Log-in successful|-|UAS_UID=393222|1110|00189|-|robot|NativeUser	189
<13>Jan  9 12:18:36 CRB1100_4_47 ABB-UAL:01:Log-in successful|-|UAS_UID=458759|1110|00190|-|robot|NativeUser	190
<13>Jan  9 12:18:37 CRB1100_4_47 ABB-UAL:01:Log-in successful|-|UAS_UID=524296|1110|00191|-|robot|Admin	191
<13>Jan  9 12:18:37 CRB1100_4_47 ABB-UAL:01:Log-in successful|-|UAS_UID=589833|1110|00192|-|robot|Admin	192
<13>Jan  9 12:27:07 CRB1100_4_47 ABB-UAL:01:Log-out (user logged out)|-|UAS_UID=589833|1210|00193|-|robot|	193
<13>Jan  9 12:27:07 CRB1100_4_47 ABB-UAL:01:Log-out (user logged out)|-|UAS_UID=524296|1210|00194|-|robot|	194
<13>Jan  9 12:27:07 CRB1100_4_47 ABB-UAL:01:Log-out (user logged out)|-|Socket=9156|1210|00195|-|robot|	195
<13>Jan  9 12:27:27 CRB1100_4_47 ABB-UAL:01:Log-in successful|-|UAS_UID=65537|1110|00196|-|robot|NativeUser	196
<13>Jan  9 12:27:28 CRB1100_4_47 ABB-UAL:01:Log-in successful|-|UAS_UID=131074|1110|00197|-|robot|NativeUser	197
<13>Jan  9 12:27:29 CRB1100_4_47 ABB-UAL:01:Log-in successful|-|UAS_UID=196611|1110|00198|-|robot|NativeUser	198
<13>Jan  9 12:27:29 CRB1100_4_47 ABB-UAL:01:Log-in successful|-|UAS_UID=262148|1110|00199|-|robot|NativeUser	199
<13>Jan  9 12:27:29 CRB1100_4_47 ABB-UAL:01:Log-in successful|-|UAS_UID=327685|1110|00200|-|robot|NativeUser	200
<13>Jan  9 12:27:29 CRB1100_4_47 ABB-UAL:01:Log-in successful|-|UAS_UID=393222|1110|00201|-|robot|NativeUser	201
<13>Jan  9 12:27:29 CRB1100_4_47 ABB-UAL:01:Log-in successful|-|UAS_UID=458759|1110|00202|-|robot|NativeUser	202
<13>Jan  9 12:27:31 CRB1100_4_47 ABB-UAL:01:Log-in successful|-|UAS_UID=524296|1110|00203|-|robot|Admin	203
<13>Jan  9 12:27:31 CRB1100_4_47 ABB-UAL:01:Log-in successful|-|UAS_UID=589833|1110|00204|-|robot|Admin	204
<13>Jan  9 13:04:13 CRB1100_4_47 ABB-UAL:01:Control system restarted|-|restart warmstart|5150|00205|-|robot|524296	205
<13>Jan  9 13:04:16 CRB1100_4_47 ABB-UAL:01:Log-in successful|-|UAS_UID=65537|1110|00206|-|robot|NativeUser	206
<13>Jan  9 13:04:17 CRB1100_4_47 ABB-UAL:01:Log-in successful|-|UAS_UID=131074|1110|00207|-|robot|NativeUser	207
<13>Jan  9 13:04:17 CRB1100_4_47 ABB-UAL:01:Log-in successful|-|UAS_UID=196611|1110|00208|-|robot|NativeUser	208
<13>Jan  9 13:04:17 CRB1100_4_47 ABB-UAL:01:Log-in successful|-|UAS_UID=262148|1110|00209|-|robot|NativeUser	209
<13>Jan  9 13:04:17 CRB1100_4_47 ABB-UAL:01:Log-in successful|-|UAS_UID=327685|1110|00210|-|robot|NativeUser	210
<13>Jan  9 13:04:17 CRB1100_4_47 ABB-UAL:01:Log-in successful|-|UAS_UID=393222|1110|00211|-|robot|NativeUser	211
<13>Jan  9 13:04:18 CRB1100_4_47 ABB-UAL:01:Log-in successful|-|UAS_UID=458759|1110|00212|-|robot|NativeUser	212
<13>Jan  9 13:04:21 CRB1100_4_47 ABB-UAL:01:Log-in successful|-|UAS_UID=524296|1110|00213|-|robot|Admin	213
<13>Jan  9 13:04:21 CRB1100_4_47 ABB-UAL:01:Log-in successful|-|UAS_UID=589833|1110|00214|-|robot|Admin	214
<13>Jan  9 13:22:23 CRB1100_4_47 ABB-UAL:01:Log-out (user logged out)|-|UAS_UID=589833|1210|00215|-|robot|	215
<13>Jan  9 13:22:23 CRB1100_4_47 ABB-UAL:01:Log-out (user logged out)|-|UAS_UID=524296|1210|00216|-|robot|	216
<13>Jan  9 13:22:23 CRB1100_4_47 ABB-UAL:01:Log-out (user logged out)|-|Socket=9152|1210|00217|-|robot|	217
<13>Jan 12 16:12:17 CRB1100_4_47 ABB-UAL:01:Log-in successful|-|UAS_UID=65537|1110|00218|-|robot|NativeUser	218
<13>Jan 12 16:12:18 CRB1100_4_47 ABB-UAL:01:Log-in successful|-|UAS_UID=131074|1110|00219|-|robot|NativeUser	219
<13>Jan 12 16:12:19 CRB1100_4_47 ABB-UAL:01:Log-in successful|-|UAS_UID=196611|1110|00220|-|robot|NativeUser	220
<13>Jan 12 16:12:19 CRB1100_4_47 ABB-UAL:01:Log-in successful|-|UAS_UID=262148|1110|00221|-|robot|NativeUser	221
<13>Jan 12 16:12:19 CRB1100_4_47 ABB-UAL:01:Log-in successful|-|UAS_UID=327685|1110|00222|-|robot|NativeUser	222
<13>Jan 12 16:12:19 CRB1100_4_47 ABB-UAL:01:Log-in successful|-|UAS_UID=393222|1110|00223|-|robot|NativeUser	223
<13>Jan 12 16:12:20 CRB1100_4_47 ABB-UAL:01:Log-in successful|-|UAS_UID=458759|1110|00224|-|robot|NativeUser	224
<13>Jan 12 16:12:21 CRB1100_4_47 ABB-UAL:01:Log-in successful|-|UAS_UID=524296|1110|00225|-|robot|Admin	225
<13>Jan 12 16:12:22 CRB1100_4_47 ABB-UAL:01:Log-in successful|-|UAS_UID=589833|1110|00226|-|robot|Admin	226
<13>Jan 12 18:18:13 CRB1100_4_47 ABB-UAL:01:Log-out (user logged out)|-|UAS_UID=524296|1210|00227|-|robot|	227
<13>Jan 12 18:18:13 CRB1100_4_47 ABB-UAL:01:Log-out (user logged out)|-|Socket=9168|1210|00228|-|robot|	228
<13>Jan 12 18:20:25 CRB1100_4_47 ABB-UAL:01:Log-in successful|-|UAS_UID=655368|1110|00229|-|robot|Admin	229
<13>Jan 12 18:20:25 CRB1100_4_47 ABB-UAL:01:Log-in successful|-|UAS_UID=720906|1110|00230|-|robot|Admin	230
<13>Jan 12 18:21:08 CRB1100_4_47 ABB-UAL:01:Log-out (user logged out)|-|UAS_UID=655368|1210|00231|-|robot|	231
<13>Jan 12 18:21:08 CRB1100_4_47 ABB-UAL:01:Log-out (user logged out)|-|Socket=9168|1210|00232|-|robot|	232
<13>Jan 12 18:21:21 CRB1100_4_47 ABB-UAL:01:Log-in successful|-|UAS_UID=786440|1110|00233|-|robot|Admin	233
<13>Jan 12 18:21:21 CRB1100_4_47 ABB-UAL:01:Log-in successful|-|UAS_UID=851979|1110|00234|-|robot|Admin	234
<13>Jan 12 18:22:08 CRB1100_4_47 ABB-UAL:01:Log-out (user logged out)|-|UAS_UID=589833|1210|00235|-|robot|	235
<13>Jan 12 18:43:42 CRB1100_4_47 ABB-UAL:01:Log-out (user logged out)|-|UAS_UID=720906|1210|00236|-|robot|	236
<13>Jan 12 18:43:42 CRB1100_4_47 ABB-UAL:01:Log-out (user logged out)|-|UAS_UID=851979|1210|00237|-|robot|	237
<13>Jan 12 18:43:42 CRB1100_4_47 ABB-UAL:01:Log-out (user logged out)|-|UAS_UID=786440|1210|00238|-|robot|	238
<13>Jan 12 18:43:42 CRB1100_4_47 ABB-UAL:01:Log-out (user logged out)|-|Socket=9168|1210|00239|-|robot|	239
<13>Jan 12 18:44:29 CRB1100_4_47 ABB-UAL:01:Log-in successful|-|UAS_UID=917512|1110|00240|-|robot|Admin	240
<13>Jan 12 18:44:29 CRB1100_4_47 ABB-UAL:01:Log-in successful|-|UAS_UID=983049|1110|00241|-|robot|Admin	241
<13>Jan 12 18:47:17 CRB1100_4_47 ABB-UAL:01:Log-out (user logged out)|-|UAS_UID=983049|1210|00242|-|robot|	242
<13>Jan 12 18:47:17 CRB1100_4_47 ABB-UAL:01:Log-out (user logged out)|-|UAS_UID=917512|1210|00243|-|robot|	243
<13>Jan 12 18:47:17 CRB1100_4_47 ABB-UAL:01:Log-out (user logged out)|-|Socket=724|1210|00244|-|robot|	244
<13>Jan 12 18:47:53 CRB1100_4_47 ABB-UAL:01:Log-in successful|-|UAS_UID=65537|1110|00245|-|robot|NativeUser	245
<13>Jan 12 18:47:54 CRB1100_4_47 ABB-UAL:01:Log-in successful|-|UAS_UID=131074|1110|00246|-|robot|NativeUser	246
<13>Jan 12 18:47:55 CRB1100_4_47 ABB-UAL:01:Log-in successful|-|UAS_UID=196611|1110|00247|-|robot|NativeUser	247
<13>Jan 12 18:47:55 CRB1100_4_47 ABB-UAL:01:Log-in successful|-|UAS_UID=262148|1110|00248|-|robot|NativeUser	248
<13>Jan 12 18:47:55 CRB1100_4_47 ABB-UAL:01:Log-in successful|-|UAS_UID=327685|1110|00249|-|robot|NativeUser	249
<13>Jan 12 18:47:55 CRB1100_4_47 ABB-UAL:01:Log-in successful|-|UAS_UID=393222|1110|00250|-|robot|NativeUser	250
<13>Jan 12 18:47:56 CRB1100_4_47 ABB-UAL:01:Log-in successful|-|UAS_UID=458759|1110|00251|-|robot|NativeUser	251
<13>Jan 12 18:47:57 CRB1100_4_47 ABB-UAL:01:Log-in successful|-|UAS_UID=524296|1110|00252|-|robot|Admin	252
<13>Jan 12 18:47:57 CRB1100_4_47 ABB-UAL:01:Log-in successful|-|UAS_UID=589833|1110|00253|-|robot|Admin	253
<13>Jan 12 19:20:11 CRB1100_4_47 ABB-UAL:01:Log-out (user logged out)|-|UAS_UID=589833|1210|00254|-|robot|	254
<13>Jan 12 19:20:12 CRB1100_4_47 ABB-UAL:01:Log-out (user logged out)|-|UAS_UID=524296|1210|00255|-|robot|	255
<13>Jan 12 19:20:12 CRB1100_4_47 ABB-UAL:01:Log-out (user logged out)|-|Socket=9156|1210|00256|-|robot|	256
<13>Jan 12 19:22:00 CRB1100_4_47 ABB-UAL:01:Log-in successful|-|UAS_UID=65537|1110|00257|-|robot|NativeUser	257
<13>Jan 12 19:22:00 CRB1100_4_47 ABB-UAL:01:Log-in successful|-|UAS_UID=131074|1110|00258|-|robot|NativeUser	258
<13>Jan 12 19:22:01 CRB1100_4_47 ABB-UAL:01:Log-in successful|-|UAS_UID=196611|1110|00259|-|robot|NativeUser	259
<13>Jan 12 19:22:01 CRB1100_4_47 ABB-UAL:01:Log-in successful|-|UAS_UID=262148|1110|00260|-|robot|NativeUser	260
<13>Jan 12 19:22:01 CRB1100_4_47 ABB-UAL:01:Log-in successful|-|UAS_UID=327685|1110|00261|-|robot|NativeUser	261
<13>Jan 12 19:22:01 CRB1100_4_47 ABB-UAL:01:Log-in successful|-|UAS_UID=393222|1110|00262|-|robot|NativeUser	262
<13>Jan 12 19:22:01 CRB1100_4_47 ABB-UAL:01:Log-in successful|-|UAS_UID=458759|1110|00263|-|robot|NativeUser	263
<13>Jan 12 19:22:03 CRB1100_4_47 ABB-UAL:01:Log-in successful|-|UAS_UID=524296|1110|00264|-|robot|Admin	264
<13>Jan 12 19:22:03 CRB1100_4_47 ABB-UAL:01:Log-in successful|-|UAS_UID=589833|1110|00265|-|robot|Admin	265
<13>Jan 12 22:00:21 CRB1100_4_47 ABB-UAL:01:Log-out (user logged out)|-|UAS_UID=589833|1210|00266|-|robot|	266
<13>Jan 12 22:00:21 CRB1100_4_47 ABB-UAL:01:Log-out (user logged out)|-|UAS_UID=524296|1210|00267|-|robot|	267
<13>Jan 12 22:00:21 CRB1100_4_47 ABB-UAL:01:Log-out (user logged out)|-|Socket=9156|1210|00268|-|robot|	268
<13>Jan 19 14:08:12 CRB1100_4_47 ABB-UAL:01:Log-in successful|-|UAS_UID=65537|1110|00269|-|robot|NativeUser	269
<13>Jan 19 14:08:13 CRB1100_4_47 ABB-UAL:01:Log-in successful|-|UAS_UID=131074|1110|00270|-|robot|NativeUser	270
<13>Jan 19 14:08:14 CRB1100_4_47 ABB-UAL:01:Log-in successful|-|UAS_UID=196611|1110|00271|-|robot|NativeUser	271
<13>Jan 19 14:08:14 CRB1100_4_47 ABB-UAL:01:Log-in successful|-|UAS_UID=262148|1110|00272|-|robot|NativeUser	272
<13>Jan 19 14:08:14 CRB1100_4_47 ABB-UAL:01:Log-in successful|-|UAS_UID=327685|1110|00273|-|robot|NativeUser	273
<13>Jan 19 14:08:14 CRB1100_4_47 ABB-UAL:01:Log-in successful|-|UAS_UID=393222|1110|00274|-|robot|NativeUser	274
<13>Jan 19 14:08:15 CRB1100_4_47 ABB-UAL:01:Log-in successful|-|UAS_UID=458759|1110|00275|-|robot|NativeUser	275
<13>Jan 19 14:08:17 CRB1100_4_47 ABB-UAL:01:Log-in successful|-|UAS_UID=524296|1110|00276|-|robot|Admin	276
<13>Jan 19 14:08:17 CRB1100_4_47 ABB-UAL:01:Log-in successful|-|UAS_UID=589833|1110|00277|-|robot|Admin	277
<13>Jan 19 15:14:50 CRB1100_4_47 ABB-UAL:01:Log-out (user logged out)|-|UAS_UID=524296|1210|00278|-|robot|	278
<13>Jan 19 15:14:50 CRB1100_4_47 ABB-UAL:01:Log-out (user logged out)|-|Socket=9156|1210|00279|-|robot|	279
<13>Jan 19 15:22:17 CRB1100_4_47 ABB-UAL:01:Log-out (user logged out)|-|UAS_UID=589833|1210|00280|-|robot|	280
<13>Jan 19 15:40:10 CRB1100_4_47 ABB-UAL:01:Log-in successful|-|UAS_UID=655368|1110|00281|-|robot|Admin	281
<13>Jan 19 15:40:10 CRB1100_4_47 ABB-UAL:01:Log-in successful|-|UAS_UID=720905|1110|00282|-|robot|Admin	282
<13>Jan 22 11:23:56 CRB1100_4_47 ABB-UAL:01:Log-out (user logged out)|-|UAS_UID=655368|1210|00283|-|robot|	283
<13>Jan 22 11:23:56 CRB1100_4_47 ABB-UAL:01:Log-out (user logged out)|-|Socket=8288|1210|00284|-|robot|	284
<13>Jan 22 11:23:56 CRB1100_4_47 ABB-UAL:01:Log-out (user logged out)|-|UAS_UID=720905|1210|00285|-|robot|	285
-----BEGIN DIGEST-----
Xbp5OgziPB+V0xvUX94qqLkXqyE4Ahr7vmWJZKQ7hvtxGFKUPAFFTbWSGE3/7O2lGAAEwQ==
-----END DIGEST-----
