#######  Log open at 23-12-14  12:41:23 West-Europa (standaardtijd) +0100 #######
23-12-14  12:41:23	C:\a\1\s\DpManager\DpManagerRWI.cpp,627,[INFO]:	Current RWI versionName: '1.10.0'
23-12-14  12:41:23	C:\a\1\s\DpManager\DpManagerRWI.cpp,638,[INFO]:	Current RWI version detail '1.10.0+39'
23-12-14  12:41:23	C:\a\1\s\Startup\Startup.cpp,778,[INFO]:	Current RWI: 1.10.0+39, 1.10.0, 32-bit
23-12-14  12:41:23	C:\a\3\s\ControllerProperties\ControllerProperties.cpp,172,[WARN]:	Previous controller properties file is not present or cannot be loaded.
23-12-14  12:41:23	C:\a\1\s\Startup\Startup.cpp,795,[INFO]:	Controller Id: 
23-12-14  12:41:23	C:\a\3\s\ControllerProperties\ControllerProperties.cpp,875,[WARN]:	ControllerProperties::GetProperty could not find: controller_name
23-12-14  12:41:23	C:\a\1\s\Startup\Startup.cpp,797,[INFO]:	Controller Name: 
23-12-14  12:41:23	C:\a\1\s\DpManager\DpManagerSysInstall.cpp,849,[INFO]:	Starting SystemInstallImp::InitInstallation()...
23-12-14  12:41:23	C:\a\1\s\DpManager\DpManagerSystemCommon.cpp,1699,[INFO]:	Package version check for HW Platform completed. No problem found. current HWPlatform: vc, required pkg ver = 1 
23-12-14  12:41:23	C:\a\1\s\DpManager\DpManagerSysInstall.cpp,701,[INFO]:	Installation type 3, m_ctrl = '', rootPath = C:\Users\mike kamerman\AppData\Local\Temp\tmp9308.tmp\CRB1100_4_47, systemPath = 'C:\Users\mike kamerman\AppData\Local\Temp\tmp9308.tmp\CRB1100_4_47/Systems/CRB1100_4_47'.
23-12-14  12:41:23	C:\a\1\s\LicenseManager\LicenseManager.cpp,681,[INFO]:	Validate file 'virtual.abb.robotics.robotcontrol.rlf'
23-12-14  12:41:23	C:\a\3\s\ControllerManagerUtility\ControllerManagerUtility.cpp,653,[INFO]:	'C:/Users/mike kamerman/AppData/Local/Temp/tmp9308.tmp/CRB1100_4_47/Licenses/virtual.abb.robotics.robotcontrol.rlf' is not encrypted. 
23-12-14  12:41:23	C:\a\3\s\ControllerManagerUtility\ControllerManagerUtility.cpp,653,[INFO]:	'C:/Users/mike kamerman/Documents/RobotStudio/Projects/Process_and_Safety_V2/Virtual Controllers/CRB1100_4_47/internal/temp/INSTALLTEMP/LICENSE/virtual.abb.robotics.robotcontrol.rlf' is not encrypted. 
23-12-14  12:41:23	C:\a\3\s\ControllerManagerUtility\ControllerManagerUtility.cpp,653,[INFO]:	'C:/Users/mike kamerman/Documents/RobotStudio/Projects/Process_and_Safety_V2/Virtual Controllers/CRB1100_4_47/internal/temp/INSTALLTEMP/LICENSE/virtual.abb.robotics.robotcontrol.rlf' is not encrypted. 
23-12-14  12:41:23	C:\a\1\s\LicenseManager\LicenseManager.cpp,681,[INFO]:	Validate file 'virtual.abb.robotics.robots.rlf'
23-12-14  12:41:23	C:\a\3\s\ControllerManagerUtility\ControllerManagerUtility.cpp,653,[INFO]:	'C:/Users/mike kamerman/Documents/RobotStudio/Projects/Process_and_Safety_V2/Virtual Controllers/CRB1100_4_47/internal/temp/INSTALLTEMP/LICENSE/virtual.abb.robotics.robotcontrol.rlf' is not encrypted. 
23-12-14  12:41:23	C:\a\3\s\ControllerManagerUtility\ControllerManagerUtility.cpp,653,[INFO]:	'C:/Users/mike kamerman/Documents/RobotStudio/Projects/Process_and_Safety_V2/Virtual Controllers/CRB1100_4_47/internal/temp/INSTALLTEMP/LICENSE/virtual.abb.robotics.robotcontrol.rlf' is not encrypted. 
23-12-14  12:41:23	C:\a\1\s\LicenseManager\LicenseManager.cpp,681,[INFO]:	Validate file 'virtual.abb.cn.robotics.wizard_1.5.1.rlf'
23-12-14  12:41:23	C:\a\1\s\DpManager\DpManagerSystemCommon.cpp,1305,[INFO]:	Reading content in file path 'C:\Users\mike kamerman\AppData\Local\Temp\tmp9308.tmp\CRB1100_4_47/Systems/CRB1100_4_47/controller.rsf'.
23-12-14  12:41:23	C:\a\1\s\DpManager\DpManagerSysInstall.cpp,1818,[INFO]:	Path = 'C:\Users\mike kamerman\AppData\Local\Temp\tmp9308.tmp\CRB1100_4_47/Products/abb.robotics.robotcontrol', manifestfile = 'abb.robotics.robotcontrol.rmf'.
23-12-14  12:41:23	C:\a\1\s\DpManager\DpManagerSysInstall.cpp,1818,[INFO]:	Path = 'C:\Users\mike kamerman\AppData\Local\Temp\tmp9308.tmp\CRB1100_4_47/Products/abb.robotics.robotos', manifestfile = 'abb.robotics.robotos.rmf'.
23-12-14  12:41:23	C:\a\1\s\DpManager\DpManagerSysInstall.cpp,1818,[INFO]:	Path = 'C:\Users\mike kamerman\AppData\Local\Temp\tmp9308.tmp\CRB1100_4_47/Products/abb.robotics.robots', manifestfile = 'abb.robotics.robots.rmf'.
23-12-14  12:41:23	C:\a\1\s\DpManager\DpManagerSysInstall.cpp,1818,[INFO]:	Path = 'C:\Users\mike kamerman\AppData\Local\Temp\tmp9308.tmp\CRB1100_4_47/Products/abb.cn.robotics.wizard', manifestfile = 'abb.cn.robotics.wizard_1.5.1.rmf'.
23-12-14  12:41:23	C:\a\1\s\DpManager\DpManagerSystemCommon.cpp,842,[INFO]:	versionMin Major value: 9
23-12-14  12:41:23	C:\a\1\s\DpManager\DpManagerSystemCommon.cpp,865,[INFO]:	New dependency: RobotOS, min:9.0.0, max:9.99999999.99999999.
23-12-14  12:41:23	C:\a\1\s\DpManager\DpManagerSystemCommon.cpp,842,[INFO]:	versionMin Major value: 1
23-12-14  12:41:23	C:\a\1\s\DpManager\DpManagerSystemCommon.cpp,865,[INFO]:	New dependency: RobotWareInstallationUtilities, min:1.10.0, max:1.99999999.99999999.
23-12-14  12:41:24	C:\a\1\s\DpManager\DpManagerSystemCommon.cpp,842,[INFO]:	versionMin Major value: 1
23-12-14  12:41:24	C:\a\1\s\DpManager\DpManagerSystemCommon.cpp,865,[INFO]:	New dependency: RobotWareInstallationUtilities, min:1.10.0, max:1.99999999.99999999.
23-12-14  12:41:24	C:\a\1\s\DpManager\DpManagerSystemCommon.cpp,796,[INFO]:	Using default hwplatform for AddIns: '*'.
23-12-14  12:41:24	C:\a\1\s\DpManager\DpManagerSystemCommon.cpp,842,[INFO]:	versionMin Major value: 7
23-12-14  12:41:24	C:\a\1\s\DpManager\DpManagerSystemCommon.cpp,865,[INFO]:	New dependency: RobotControl, min:7.1.0-225.Internal, max:7.99999999.99999999.
23-12-14  12:41:25	C:\a\1\s\DpManager\DpManagerSystemCommon.cpp,796,[INFO]:	Using default hwplatform for AddIns: '*'.
23-12-14  12:41:25	C:\a\1\s\DpManager\DpManagerSystemCommon.cpp,811,[INFO]:	No <Dependecy> found in product 'Wizard' in file 'abb.cn.robotics.wizard_1.5.1.rmf'.
23-12-14  12:41:27	C:\a\3\s\ControllerManagerUtility\ControllerManagerUtility.cpp,653,[INFO]:	'C:/Users/mike kamerman/Documents/RobotStudio/Projects/Process_and_Safety_V2/Virtual Controllers/CRB1100_4_47/internal/temp/INSTALLTEMP/LICENSE/virtual.abb.robotics.robotcontrol.rlf' is not encrypted. 
23-12-14  12:41:27	C:\a\3\s\ControllerManagerUtility\ControllerManagerUtility.cpp,653,[INFO]:	'C:/Users/mike kamerman/Documents/RobotStudio/Projects/Process_and_Safety_V2/Virtual Controllers/CRB1100_4_47/internal/temp/INSTALLTEMP/LICENSE/virtual.abb.robotics.robotcontrol.rlf' is not encrypted. 
23-12-14  12:41:27	C:\a\1\s\DpManager\DpManagerUtility.cpp,677,[INFO]:	Validate manifest 'C:\Users\mike kamerman\AppData\Local\Temp\tmp9308.tmp\CRB1100_4_47/Products/abb.robotics.robotcontrol/abb.robotics.robotcontrol.rmf'
23-12-14  12:41:27	C:\a\1\s\DpManager\DpManagerUtility.cpp,740,[INFO]:	Validate all .rpk files.
23-12-14  12:41:27	C:\a\1\s\DpManager\DpManagerUtility.cpp,677,[INFO]:	Validate manifest 'C:\Users\mike kamerman\AppData\Local\Temp\tmp9308.tmp\CRB1100_4_47/Products/abb.robotics.robotos/abb.robotics.robotos.rmf'
23-12-14  12:41:27	C:\a\1\s\DpManager\DpManagerUtility.cpp,740,[INFO]:	Validate all .rpk files.
23-12-14  12:41:27	C:\a\1\s\DpManager\DpManagerUtility.cpp,677,[INFO]:	Validate manifest 'C:\Users\mike kamerman\AppData\Local\Temp\tmp9308.tmp\CRB1100_4_47/Products/abb.robotics.robots/abb.robotics.robots.rmf'
23-12-14  12:41:27	C:\a\1\s\DpManager\DpManagerUtility.cpp,740,[INFO]:	Validate all .rpk files.
23-12-14  12:41:28	C:\a\1\s\DpManager\DpManagerUtility.cpp,677,[INFO]:	Validate manifest 'C:\Users\mike kamerman\AppData\Local\Temp\tmp9308.tmp\CRB1100_4_47/Products/abb.cn.robotics.wizard/abb.cn.robotics.wizard_1.5.1.rmf'
23-12-14  12:41:28	C:\a\1\s\DpManager\DpManagerUtility.cpp,740,[INFO]:	Validate all .rpk files.
23-12-14  12:41:28	C:\a\1\s\DpManager\DpManagerRWI.cpp,627,[INFO]:	Current RWI versionName: '1.10.0'
23-12-14  12:41:28	C:\a\1\s\DpManager\DpManagerRWI.cpp,638,[INFO]:	Current RWI version detail '1.10.0+39'
23-12-14  12:41:28	C:\a\1\s\DpManager\DpManagerRWI.cpp,627,[INFO]:	Current RWI versionName: '1.10.0'
23-12-14  12:41:28	C:\a\1\s\DpManager\DpManagerRWI.cpp,638,[INFO]:	Current RWI version detail '1.10.0+39'
23-12-14  12:41:28	C:\a\1\s\DpManager\DpManagerSystemCommon.cpp,1630,[INFO]:	Product HW platform compatibility check done.
23-12-14  12:41:28	C:\a\1\s\DpManager\DpManagerSystemCommon.cpp,167,[INFO]:	Starting resolve dependencies. Current platform is 'vc', nr of products is 4.
23-12-14  12:41:28	C:\a\1\s\DpManager\DpManagerSystemCommon.cpp,215,[INFO]:	Added RobotOS, version '9.0.0+159'. Number of products left is 3.
23-12-14  12:41:28	C:\a\1\s\DpManager\DpManagerSystemCommon.cpp,255,[INFO]:	Dependency check to RobotOS.
23-12-14  12:41:28	C:\a\1\s\DpManager\DpManagerSystemCommon.cpp,330,[INFO]:	Add product RobotControl. Nr of products left is 2.
23-12-14  12:41:28	C:\a\1\s\DpManager\DpManagerSystemCommon.cpp,341,[INFO]:	Add all products that have only one dependency and it is RobotControl.
23-12-14  12:41:28	C:\a\1\s\DpManager\DpManagerSystemCommon.cpp,358,[INFO]:	Only dependency on RobotControl. Add product 'Robots' to the sorted List.
23-12-14  12:41:28	C:\a\1\s\DpManager\DpManagerSystemCommon.cpp,376,[INFO]:	Check dependency loop 0 starts, nr of products to solve dependency is 1.
23-12-14  12:41:28	C:\a\1\s\DpManager\DpManagerSystemCommon.cpp,431,[INFO]:	Add product 'Wizard' to the sorted List.
23-12-14  12:41:28	C:\a\1\s\DpManager\DpManagerSystemCommon.cpp,371,[INFO]:	No more products left to check dependency.
23-12-14  12:41:28	C:\a\1\s\DpManager\DpManagerSystemCommon.cpp,478,[INFO]:	Done resolving dependencies, status = 0.
23-12-14  12:41:28	C:\a\1\s\DpManager\DpManagerSysInstall.cpp,1089,[INFO]:	Product root dir path 'C:/Users/mike kamerman/AppData/Local/ABB/RobotWare'.
23-12-14  12:41:28	C:\a\1\s\DpManager\DpManagerSysInstall.cpp,1110,[INFO]:	Install product 'RobotOS' to 'C:/Users/mike kamerman/AppData/Local/ABB/RobotWare/RobotOS_9.0.0'.
23-12-14  12:41:28	C:\a\1\s\DpManager\DpManagerSysInstall.cpp,1126,[INFO]:	Product 'RobotOS' is already installed.
23-12-14  12:41:28	C:\a\1\s\DpManager\DpManagerSysInstall.cpp,1110,[INFO]:	Install product 'RobotControl' to 'C:/Users/mike kamerman/AppData/Local/ABB/RobotWare/RobotControl_7.10.0'.
23-12-14  12:41:28	C:\a\1\s\DpManager\DpManagerSysInstall.cpp,1126,[INFO]:	Product 'RobotControl' is already installed.
23-12-14  12:41:28	C:\a\1\s\DpManager\DpManagerSysInstall.cpp,1110,[INFO]:	Install product 'Robots' to 'C:/Users/mike kamerman/AppData/Local/ABB/RobotWare/Robots_1.10.0'.
23-12-14  12:41:28	C:\a\1\s\DpManager\DpManagerSysInstall.cpp,1126,[INFO]:	Product 'Robots' is already installed.
23-12-14  12:41:28	C:\a\1\s\DpManager\DpManagerSysInstall.cpp,1110,[INFO]:	Install product 'Wizard' to 'C:/Users/mike kamerman/AppData/Local/ABB/RobotWare/Wizard_1.5.1'.
23-12-14  12:41:28	C:\a\1\s\DpManager\DpManagerSysInstall.cpp,1126,[INFO]:	Product 'Wizard' is already installed.
23-12-14  12:41:28	C:\a\1\s\DpManager\DpManagerSysInstall.cpp,1853,[INFO]:	Write return message to file 'C:/Users/mike kamerman/Documents/RobotStudio/Projects/Process_and_Safety_V2/Virtual Controllers/CRB1100_4_47/internal/inbox/message'.
23-12-14  12:41:28	C:\a\1\s\DpManager\DpManagerUtility.cpp,1439,[INFO]:	Get boot info for 'VC' platform...
23-12-14  12:41:28	C:\a\1\s\DpManager\DpManagerUtility.cpp,1394,[INFO]:	Got '/VCImage' from the common section: S27.01/bin/s27.01.dll.
23-12-14  12:41:28	C:\a\1\s\DpManager\DpManagerSystemCommon.cpp,2095,[INFO]:	S27 OS image path from boot info: C:/Users/mike kamerman/AppData/Local/ABB/RobotWare/RobotOS_9.0.0/S27.01/bin/s27.01.dll.
23-12-14  12:41:28	C:\a\1\s\DpManager\DpManagerSysInstall.cpp,1342,[INFO]:	Installation has been finished, status = 0.
23-12-14  12:41:28	C:\a\1\s\DpManager\DpManagerSysInstall.cpp,1343,[INFO]:	Clean up the temporary files.
23-12-14  12:41:28	C:\a\1\s\VCInstaller\VCInstaller.cpp,557,[INFO]:	No HW settings file used.
#######  Log open at 23-12-21  14:29:04 West-Europa (standaardtijd) +0100 #######
23-12-21  14:29:04	C:\a\1\s\DpManager\DpManagerRWI.cpp,627,[INFO]:	Current RWI versionName: '1.10.0'
23-12-21  14:29:04	C:\a\1\s\DpManager\DpManagerRWI.cpp,638,[INFO]:	Current RWI version detail '1.10.0+39'
23-12-21  14:29:04	C:\a\1\s\Startup\Startup.cpp,778,[INFO]:	Current RWI: 1.10.0+39, 1.10.0, 32-bit
23-12-21  14:29:04	C:\a\1\s\Startup\Startup.cpp,795,[INFO]:	Controller Id: 
23-12-21  14:29:04	C:\a\1\s\Startup\Startup.cpp,797,[INFO]:	Controller Name: CRB1100_4_47
23-12-21  14:29:04	C:\a\1\s\DpManager\DpManagerSysUpdate.cpp,155,[INFO]:	Request to update RobotWare system is found in the installer inbox.
23-12-21  14:29:04	C:\a\1\s\DpManager\DpManagerSysUpdate.cpp,157,[INFO]:	Checking if Installer itself needs an update. 
23-12-21  14:29:04	C:\a\1\s\DpManager\DpManagerSystemCommon.cpp,1305,[INFO]:	Reading content in file path 'C:\Users\mike kamerman\AppData\Local\Temp\tmpE2F2.tmp\CRB1100_4_47/controller.rsf'.
23-12-21  14:29:04	C:\a\1\s\DpManager\DpManagerSystemCommon.cpp,842,[INFO]:	versionMin Major value: 9
23-12-21  14:29:04	C:\a\1\s\DpManager\DpManagerSystemCommon.cpp,865,[INFO]:	New dependency: RobotOS, min:9.0.0, max:9.99999999.99999999.
23-12-21  14:29:04	C:\a\1\s\DpManager\DpManagerSystemCommon.cpp,842,[INFO]:	versionMin Major value: 1
23-12-21  14:29:04	C:\a\1\s\DpManager\DpManagerSystemCommon.cpp,865,[INFO]:	New dependency: RobotWareInstallationUtilities, min:1.10.0, max:1.99999999.99999999.
23-12-21  14:29:04	C:\a\1\s\DpManager\DpManagerSystemCommon.cpp,842,[INFO]:	versionMin Major value: 1
23-12-21  14:29:04	C:\a\1\s\DpManager\DpManagerSystemCommon.cpp,865,[INFO]:	New dependency: RobotWareInstallationUtilities, min:1.10.0, max:1.99999999.99999999.
23-12-21  14:29:04	C:\a\1\s\DpManager\DpManagerSystemCommon.cpp,796,[INFO]:	Using default hwplatform for AddIns: '*'.
23-12-21  14:29:04	C:\a\1\s\DpManager\DpManagerSystemCommon.cpp,842,[INFO]:	versionMin Major value: 7
23-12-21  14:29:04	C:\a\1\s\DpManager\DpManagerSystemCommon.cpp,865,[INFO]:	New dependency: RobotControl, min:7.1.0-225.Internal, max:7.99999999.99999999.
23-12-21  14:29:05	C:\a\1\s\DpManager\DpManagerSystemCommon.cpp,796,[INFO]:	Using default hwplatform for AddIns: '*'.
23-12-21  14:29:05	C:\a\1\s\DpManager\DpManagerSystemCommon.cpp,811,[INFO]:	No <Dependecy> found in product 'Wizard' in file 'abb.cn.robotics.wizard_1.5.1.rmf'.
23-12-21  14:29:08	C:\a\3\s\ControllerManagerUtility\ControllerManagerUtility.cpp,653,[INFO]:	'C:/Users/mike kamerman/Documents/RobotStudio/Projects/Process_and_Safety_V2/Virtual Controllers/CRB1100_4_47/internal/temp/INSTALLTEMP/LICENSE/virtual.abb.robotics.robotcontrol.rlf' is not encrypted. 
23-12-21  14:29:08	C:\a\3\s\ControllerManagerUtility\ControllerManagerUtility.cpp,653,[INFO]:	'C:/Users/mike kamerman/Documents/RobotStudio/Projects/Process_and_Safety_V2/Virtual Controllers/CRB1100_4_47/internal/temp/INSTALLTEMP/LICENSE/virtual.abb.robotics.robotcontrol.rlf' is not encrypted. 
23-12-21  14:29:08	C:\a\1\s\DpManager\DpManagerRWI.cpp,627,[INFO]:	Current RWI versionName: '1.10.0'
23-12-21  14:29:08	C:\a\1\s\DpManager\DpManagerRWI.cpp,638,[INFO]:	Current RWI version detail '1.10.0+39'
23-12-21  14:29:08	C:\a\1\s\DpManager\DpManagerRWI.cpp,627,[INFO]:	Current RWI versionName: '1.10.0'
23-12-21  14:29:08	C:\a\1\s\DpManager\DpManagerRWI.cpp,638,[INFO]:	Current RWI version detail '1.10.0+39'
23-12-21  14:29:08	C:\a\1\s\DpManager\DpManagerSystemCommon.cpp,1630,[INFO]:	Product HW platform compatibility check done.
23-12-21  14:29:08	C:\a\1\s\DpManager\DpManagerSystemCommon.cpp,167,[INFO]:	Starting resolve dependencies. Current platform is 'vc', nr of products is 4.
23-12-21  14:29:08	C:\a\1\s\DpManager\DpManagerSystemCommon.cpp,215,[INFO]:	Added RobotOS, version '9.0.0+159'. Number of products left is 3.
23-12-21  14:29:08	C:\a\1\s\DpManager\DpManagerSystemCommon.cpp,255,[INFO]:	Dependency check to RobotOS.
23-12-21  14:29:08	C:\a\1\s\DpManager\DpManagerSystemCommon.cpp,330,[INFO]:	Add product RobotControl. Nr of products left is 2.
23-12-21  14:29:08	C:\a\1\s\DpManager\DpManagerSystemCommon.cpp,341,[INFO]:	Add all products that have only one dependency and it is RobotControl.
23-12-21  14:29:08	C:\a\1\s\DpManager\DpManagerSystemCommon.cpp,358,[INFO]:	Only dependency on RobotControl. Add product 'Robots' to the sorted List.
23-12-21  14:29:08	C:\a\1\s\DpManager\DpManagerSystemCommon.cpp,376,[INFO]:	Check dependency loop 0 starts, nr of products to solve dependency is 1.
23-12-21  14:29:08	C:\a\1\s\DpManager\DpManagerSystemCommon.cpp,431,[INFO]:	Add product 'Wizard' to the sorted List.
23-12-21  14:29:08	C:\a\1\s\DpManager\DpManagerSystemCommon.cpp,371,[INFO]:	No more products left to check dependency.
23-12-21  14:29:08	C:\a\1\s\DpManager\DpManagerSystemCommon.cpp,478,[INFO]:	Done resolving dependencies, status = 0.
23-12-21  14:29:08	C:\a\1\s\DpManager\DpManagerSysUpdate.cpp,1194,[INFO]:	Product root dir path 'C:/Users/mike kamerman/AppData/Local/ABB/RobotWare'. 
23-12-21  14:29:08	C:\a\1\s\DpManager\DpManagerUtility.cpp,1439,[INFO]:	Get boot info for 'VC' platform...
23-12-21  14:29:08	C:\a\1\s\DpManager\DpManagerUtility.cpp,1394,[INFO]:	Got '/VCImage' from the common section: S27.01/bin/s27.01.dll.
23-12-21  14:29:08	C:\a\1\s\DpManager\DpManagerSystemCommon.cpp,2095,[INFO]:	S27 OS image path from boot info: C:/Users/mike kamerman/AppData/Local/ABB/RobotWare/RobotOS_9.0.0/S27.01/bin/s27.01.dll.
23-12-21  14:29:08	C:\a\1\s\DpManager\FileManager.cpp,300,[INFO]:	Delete all files from the trash  starting, number of path = 1
23-12-21  14:29:08	C:\a\1\s\DpManager\FileManager.cpp,310,[INFO]:	Create directory 'C:/Users/mike kamerman/Documents/RobotStudio/Projects/Process_and_Safety_V2/Virtual Controllers/CRB1100_4_47/internal/TEMP/TRASH'
23-12-21  14:29:08	C:\a\1\s\DpManager\FileManager.cpp,170,[INFO]:	Moving: C:/Users/mike kamerman/Documents/RobotStudio/Projects/Process_and_Safety_V2/Virtual Controllers/CRB1100_4_47/internal/temp/INSTALLTEMP/LICENSE -> C:/Users/mike kamerman/Documents/RobotStudio/Projects/Process_and_Safety_V2/Virtual Controllers/CRB1100_4_47/internal/ctrldata/license
23-12-21  14:29:08	C:\a\1\s\DpManager\FileManager.cpp,175,[WARN]:	rename failed at first try, errno=17!
23-12-21  14:29:08	C:\a\1\s\DpManager\FileManager.cpp,487,[INFO]:	Move to TRASH: C:/Users/mike kamerman/Documents/RobotStudio/Projects/Process_and_Safety_V2/Virtual Controllers/CRB1100_4_47/internal/ctrldata/license -> C:/Users/mike kamerman/Documents/RobotStudio/Projects/Process_and_Safety_V2/Virtual Controllers/CRB1100_4_47/internal/TEMP/TRASH/0_x_license, status: 0
23-12-21  14:29:08	C:\a\1\s\DpManager\FileManager.cpp,229,[INFO]:	Move OK!
23-12-21  14:29:08	C:\a\1\s\DpManager\FileManager.cpp,170,[INFO]:	Moving: C:/Users/mike kamerman/Documents/RobotStudio/Projects/Process_and_Safety_V2/Virtual Controllers/CRB1100_4_47/internal/temp/prodlist.xml -> C:/Users/mike kamerman/Documents/RobotStudio/Projects/Process_and_Safety_V2/Virtual Controllers/CRB1100_4_47/internal/prodlist.xml
23-12-21  14:29:08	C:\a\1\s\DpManager\FileManager.cpp,175,[WARN]:	rename failed at first try, errno=17!
23-12-21  14:29:08	C:\a\1\s\DpManager\FileManager.cpp,487,[INFO]:	Move to TRASH: C:/Users/mike kamerman/Documents/RobotStudio/Projects/Process_and_Safety_V2/Virtual Controllers/CRB1100_4_47/internal/prodlist.xml -> C:/Users/mike kamerman/Documents/RobotStudio/Projects/Process_and_Safety_V2/Virtual Controllers/CRB1100_4_47/internal/TEMP/TRASH/1_x_prodlist.xml, status: 0
23-12-21  14:29:08	C:\a\1\s\DpManager\FileManager.cpp,229,[INFO]:	Move OK!
23-12-21  14:29:08	C:\a\1\s\DpManager\FileManager.cpp,170,[INFO]:	Moving: C:/Users/mike kamerman/Documents/RobotStudio/Projects/Process_and_Safety_V2/Virtual Controllers/CRB1100_4_47/internal/temp/BOOTAPP.CFG -> C:/Users/mike kamerman/Documents/RobotStudio/Projects/Process_and_Safety_V2/Virtual Controllers/CRB1100_4_47/internal/BOOT/BOOTAPP.CFG
23-12-21  14:29:08	C:\a\1\s\DpManager\FileManager.cpp,175,[WARN]:	rename failed at first try, errno=17!
23-12-21  14:29:08	C:\a\1\s\DpManager\FileManager.cpp,487,[INFO]:	Move to TRASH: C:/Users/mike kamerman/Documents/RobotStudio/Projects/Process_and_Safety_V2/Virtual Controllers/CRB1100_4_47/internal/BOOT/BOOTAPP.CFG -> C:/Users/mike kamerman/Documents/RobotStudio/Projects/Process_and_Safety_V2/Virtual Controllers/CRB1100_4_47/internal/TEMP/TRASH/2_x_BOOTAPP.CFG, status: 0
23-12-21  14:29:08	C:\a\1\s\DpManager\FileManager.cpp,229,[INFO]:	Move OK!
23-12-21  14:29:08	C:\a\1\s\DpManager\FileManager.cpp,170,[INFO]:	Moving: C:/Users/mike kamerman/Documents/RobotStudio/Projects/Process_and_Safety_V2/Virtual Controllers/CRB1100_4_47/TEMP/system.xml -> C:/Users/mike kamerman/Documents/RobotStudio/Projects/Process_and_Safety_V2/Virtual Controllers/CRB1100_4_47/system.xml
23-12-21  14:29:08	C:\a\1\s\DpManager\FileManager.cpp,175,[WARN]:	rename failed at first try, errno=17!
23-12-21  14:29:08	C:\a\1\s\DpManager\FileManager.cpp,487,[INFO]:	Move to TRASH: C:/Users/mike kamerman/Documents/RobotStudio/Projects/Process_and_Safety_V2/Virtual Controllers/CRB1100_4_47/system.xml -> C:/Users/mike kamerman/Documents/RobotStudio/Projects/Process_and_Safety_V2/Virtual Controllers/CRB1100_4_47/internal/TEMP/TRASH/3_x_system.xml, status: 0
23-12-21  14:29:08	C:\a\1\s\DpManager\FileManager.cpp,229,[INFO]:	Move OK!
23-12-21  14:29:08	C:\a\1\s\DpManager\FileManager.cpp,170,[INFO]:	Moving: C:/Users/mike kamerman/AppData/Local/Temp/tmpE2F2.tmp/CRB1100_4_47/controller.rsf -> C:/Users/mike kamerman/Documents/RobotStudio/Projects/Process_and_Safety_V2/Virtual Controllers/CRB1100_4_47/internal/controller.rsf
23-12-21  14:29:08	C:\a\1\s\DpManager\FileManager.cpp,175,[WARN]:	rename failed at first try, errno=17!
23-12-21  14:29:08	C:\a\1\s\DpManager\FileManager.cpp,487,[INFO]:	Move to TRASH: C:/Users/mike kamerman/Documents/RobotStudio/Projects/Process_and_Safety_V2/Virtual Controllers/CRB1100_4_47/internal/controller.rsf -> C:/Users/mike kamerman/Documents/RobotStudio/Projects/Process_and_Safety_V2/Virtual Controllers/CRB1100_4_47/internal/TEMP/TRASH/4_x_controller.rsf, status: 0
23-12-21  14:29:08	C:\a\1\s\DpManager\FileManager.cpp,229,[INFO]:	Move OK!
23-12-21  14:29:08	C:\a\1\s\DpManager\DpManagerUtility.cpp,1928,[INFO]:	Write return message to file 'C:/Users/mike kamerman/Documents/RobotStudio/Projects/Process_and_Safety_V2/Virtual Controllers/CRB1100_4_47/internal/inbox/message': messageStatus = 0 
23-12-21  14:29:08	C:\a\1\s\VCInstaller\VCInstaller.cpp,681,[INFO]:	ApplyUpdatePackage status = 0
#######  Log open at 23-12-21  14:31:48 West-Europa (standaardtijd) +0100 #######
23-12-21  14:31:48	C:\a\1\s\DpManager\DpManagerRWI.cpp,627,[INFO]:	Current RWI versionName: '1.10.0'
23-12-21  14:31:48	C:\a\1\s\DpManager\DpManagerRWI.cpp,638,[INFO]:	Current RWI version detail '1.10.0+39'
23-12-21  14:31:48	C:\a\1\s\Startup\Startup.cpp,778,[INFO]:	Current RWI: 1.10.0+39, 1.10.0, 32-bit
23-12-21  14:31:48	C:\a\1\s\Startup\Startup.cpp,795,[INFO]:	Controller Id: 
23-12-21  14:31:48	C:\a\1\s\Startup\Startup.cpp,797,[INFO]:	Controller Name: CRB1100_4_47
23-12-21  14:31:48	C:\a\1\s\DpManager\DpManagerSysInstall.cpp,849,[INFO]:	Starting SystemInstallImp::InitInstallation()...
23-12-21  14:31:48	C:\a\1\s\DpManager\DpManagerSystemCommon.cpp,1699,[INFO]:	Package version check for HW Platform completed. No problem found. current HWPlatform: vc, required pkg ver = 1 
23-12-21  14:31:48	C:\a\1\s\DpManager\DpManagerSysInstall.cpp,701,[INFO]:	Installation type 3, m_ctrl = '', rootPath = C:\Users\mike kamerman\AppData\Local\Temp\tmp72EF.tmp\CRB1100_4_47, systemPath = 'C:\Users\mike kamerman\AppData\Local\Temp\tmp72EF.tmp\CRB1100_4_47/Systems/CRB1100_4_47'.
23-12-21  14:31:48	C:\a\1\s\LicenseManager\LicenseManager.cpp,660,[INFO]:	File 'virtual.abb.cn.robotics.wizard_1.5.1.rlf' already exists. Delete the existing one.
23-12-21  14:31:48	C:\a\3\s\ControllerManagerUtility\ControllerManagerUtility.cpp,653,[INFO]:	'C:/Users/mike kamerman/Documents/RobotStudio/Projects/Process_and_Safety_V2/Virtual Controllers/CRB1100_4_47/internal/temp/INSTALLTEMP/LICENSE/virtual.abb.robotics.robotcontrol.rlf' is not encrypted. 
23-12-21  14:31:48	C:\a\3\s\ControllerManagerUtility\ControllerManagerUtility.cpp,653,[INFO]:	'C:/Users/mike kamerman/Documents/RobotStudio/Projects/Process_and_Safety_V2/Virtual Controllers/CRB1100_4_47/internal/temp/INSTALLTEMP/LICENSE/virtual.abb.robotics.robotcontrol.rlf' is not encrypted. 
23-12-21  14:31:48	C:\a\1\s\LicenseManager\LicenseManager.cpp,681,[INFO]:	Validate file 'virtual.abb.cn.robotics.wizard_1.5.1.rlf'
23-12-21  14:31:48	C:\a\1\s\LicenseManager\LicenseManager.cpp,660,[INFO]:	File 'virtual.abb.robotics.robotcontrol.rlf' already exists. Delete the existing one.
23-12-21  14:31:48	C:\a\1\s\LicenseManager\LicenseManager.cpp,681,[INFO]:	Validate file 'virtual.abb.robotics.robotcontrol.rlf'
23-12-21  14:31:48	C:\a\3\s\ControllerManagerUtility\ControllerManagerUtility.cpp,653,[INFO]:	'C:/Users/mike kamerman/AppData/Local/Temp/tmp72EF.tmp/CRB1100_4_47/Licenses/virtual.abb.robotics.robotcontrol.rlf' is not encrypted. 
23-12-21  14:31:48	C:\a\1\s\LicenseManager\LicenseManager.cpp,660,[INFO]:	File 'virtual.abb.robotics.robots.rlf' already exists. Delete the existing one.
23-12-21  14:31:48	C:\a\3\s\ControllerManagerUtility\ControllerManagerUtility.cpp,653,[INFO]:	'C:/Users/mike kamerman/Documents/RobotStudio/Projects/Process_and_Safety_V2/Virtual Controllers/CRB1100_4_47/internal/temp/INSTALLTEMP/LICENSE/virtual.abb.robotics.robotcontrol.rlf' is not encrypted. 
23-12-21  14:31:48	C:\a\3\s\ControllerManagerUtility\ControllerManagerUtility.cpp,653,[INFO]:	'C:/Users/mike kamerman/Documents/RobotStudio/Projects/Process_and_Safety_V2/Virtual Controllers/CRB1100_4_47/internal/temp/INSTALLTEMP/LICENSE/virtual.abb.robotics.robotcontrol.rlf' is not encrypted. 
23-12-21  14:31:48	C:\a\1\s\LicenseManager\LicenseManager.cpp,681,[INFO]:	Validate file 'virtual.abb.robotics.robots.rlf'
23-12-21  14:31:48	C:\a\1\s\DpManager\DpManagerSystemCommon.cpp,1305,[INFO]:	Reading content in file path 'C:\Users\mike kamerman\AppData\Local\Temp\tmp72EF.tmp\CRB1100_4_47/Systems/CRB1100_4_47/controller.rsf'.
23-12-21  14:31:48	C:\a\1\s\DpManager\DpManagerSysInstall.cpp,1818,[INFO]:	Path = 'C:\Users\mike kamerman\AppData\Local\Temp\tmp72EF.tmp\CRB1100_4_47/Products/abb.robotics.robotcontrol', manifestfile = 'abb.robotics.robotcontrol.rmf'.
23-12-21  14:31:48	C:\a\1\s\DpManager\DpManagerSysInstall.cpp,1818,[INFO]:	Path = 'C:\Users\mike kamerman\AppData\Local\Temp\tmp72EF.tmp\CRB1100_4_47/Products/abb.robotics.robotos', manifestfile = 'abb.robotics.robotos.rmf'.
23-12-21  14:31:48	C:\a\1\s\DpManager\DpManagerSysInstall.cpp,1818,[INFO]:	Path = 'C:\Users\mike kamerman\AppData\Local\Temp\tmp72EF.tmp\CRB1100_4_47/Products/abb.robotics.robots', manifestfile = 'abb.robotics.robots.rmf'.
23-12-21  14:31:48	C:\a\1\s\DpManager\DpManagerSysInstall.cpp,1818,[INFO]:	Path = 'C:\Users\mike kamerman\AppData\Local\Temp\tmp72EF.tmp\CRB1100_4_47/Products/abb.cn.robotics.wizard', manifestfile = 'abb.cn.robotics.wizard_1.5.1.rmf'.
23-12-21  14:31:48	C:\a\1\s\DpManager\DpManagerSystemCommon.cpp,842,[INFO]:	versionMin Major value: 9
23-12-21  14:31:48	C:\a\1\s\DpManager\DpManagerSystemCommon.cpp,865,[INFO]:	New dependency: RobotOS, min:9.0.0, max:9.99999999.99999999.
23-12-21  14:31:48	C:\a\1\s\DpManager\DpManagerSystemCommon.cpp,842,[INFO]:	versionMin Major value: 1
23-12-21  14:31:48	C:\a\1\s\DpManager\DpManagerSystemCommon.cpp,865,[INFO]:	New dependency: RobotWareInstallationUtilities, min:1.10.0, max:1.99999999.99999999.
23-12-21  14:31:49	C:\a\1\s\DpManager\DpManagerSystemCommon.cpp,842,[INFO]:	versionMin Major value: 1
23-12-21  14:31:49	C:\a\1\s\DpManager\DpManagerSystemCommon.cpp,865,[INFO]:	New dependency: RobotWareInstallationUtilities, min:1.10.0, max:1.99999999.99999999.
23-12-21  14:31:49	C:\a\1\s\DpManager\DpManagerSystemCommon.cpp,796,[INFO]:	Using default hwplatform for AddIns: '*'.
23-12-21  14:31:49	C:\a\1\s\DpManager\DpManagerSystemCommon.cpp,842,[INFO]:	versionMin Major value: 7
23-12-21  14:31:49	C:\a\1\s\DpManager\DpManagerSystemCommon.cpp,865,[INFO]:	New dependency: RobotControl, min:7.1.0-225.Internal, max:7.99999999.99999999.
23-12-21  14:31:50	C:\a\1\s\DpManager\DpManagerSystemCommon.cpp,796,[INFO]:	Using default hwplatform for AddIns: '*'.
23-12-21  14:31:50	C:\a\1\s\DpManager\DpManagerSystemCommon.cpp,811,[INFO]:	No <Dependecy> found in product 'Wizard' in file 'abb.cn.robotics.wizard_1.5.1.rmf'.
23-12-21  14:31:52	C:\a\3\s\ControllerManagerUtility\ControllerManagerUtility.cpp,653,[INFO]:	'C:/Users/mike kamerman/Documents/RobotStudio/Projects/Process_and_Safety_V2/Virtual Controllers/CRB1100_4_47/internal/temp/INSTALLTEMP/LICENSE/virtual.abb.robotics.robotcontrol.rlf' is not encrypted. 
23-12-21  14:31:52	C:\a\3\s\ControllerManagerUtility\ControllerManagerUtility.cpp,653,[INFO]:	'C:/Users/mike kamerman/Documents/RobotStudio/Projects/Process_and_Safety_V2/Virtual Controllers/CRB1100_4_47/internal/temp/INSTALLTEMP/LICENSE/virtual.abb.robotics.robotcontrol.rlf' is not encrypted. 
23-12-21  14:31:52	C:\a\1\s\DpManager\DpManagerUtility.cpp,677,[INFO]:	Validate manifest 'C:\Users\mike kamerman\AppData\Local\Temp\tmp72EF.tmp\CRB1100_4_47/Products/abb.robotics.robotcontrol/abb.robotics.robotcontrol.rmf'
23-12-21  14:31:52	C:\a\1\s\DpManager\DpManagerUtility.cpp,740,[INFO]:	Validate all .rpk files.
23-12-21  14:31:52	C:\a\1\s\DpManager\DpManagerUtility.cpp,677,[INFO]:	Validate manifest 'C:\Users\mike kamerman\AppData\Local\Temp\tmp72EF.tmp\CRB1100_4_47/Products/abb.robotics.robotos/abb.robotics.robotos.rmf'
23-12-21  14:31:52	C:\a\1\s\DpManager\DpManagerUtility.cpp,740,[INFO]:	Validate all .rpk files.
23-12-21  14:31:52	C:\a\1\s\DpManager\DpManagerUtility.cpp,677,[INFO]:	Validate manifest 'C:\Users\mike kamerman\AppData\Local\Temp\tmp72EF.tmp\CRB1100_4_47/Products/abb.robotics.robots/abb.robotics.robots.rmf'
23-12-21  14:31:52	C:\a\1\s\DpManager\DpManagerUtility.cpp,740,[INFO]:	Validate all .rpk files.
23-12-21  14:31:53	C:\a\1\s\DpManager\DpManagerUtility.cpp,677,[INFO]:	Validate manifest 'C:\Users\mike kamerman\AppData\Local\Temp\tmp72EF.tmp\CRB1100_4_47/Products/abb.cn.robotics.wizard/abb.cn.robotics.wizard_1.5.1.rmf'
23-12-21  14:31:53	C:\a\1\s\DpManager\DpManagerUtility.cpp,740,[INFO]:	Validate all .rpk files.
23-12-21  14:31:53	C:\a\1\s\DpManager\DpManagerRWI.cpp,627,[INFO]:	Current RWI versionName: '1.10.0'
23-12-21  14:31:53	C:\a\1\s\DpManager\DpManagerRWI.cpp,638,[INFO]:	Current RWI version detail '1.10.0+39'
23-12-21  14:31:53	C:\a\1\s\DpManager\DpManagerRWI.cpp,627,[INFO]:	Current RWI versionName: '1.10.0'
23-12-21  14:31:53	C:\a\1\s\DpManager\DpManagerRWI.cpp,638,[INFO]:	Current RWI version detail '1.10.0+39'
23-12-21  14:31:53	C:\a\1\s\DpManager\DpManagerSystemCommon.cpp,1630,[INFO]:	Product HW platform compatibility check done.
23-12-21  14:31:53	C:\a\1\s\DpManager\DpManagerSystemCommon.cpp,167,[INFO]:	Starting resolve dependencies. Current platform is 'vc', nr of products is 4.
23-12-21  14:31:53	C:\a\1\s\DpManager\DpManagerSystemCommon.cpp,215,[INFO]:	Added RobotOS, version '9.0.0+159'. Number of products left is 3.
23-12-21  14:31:53	C:\a\1\s\DpManager\DpManagerSystemCommon.cpp,255,[INFO]:	Dependency check to RobotOS.
23-12-21  14:31:53	C:\a\1\s\DpManager\DpManagerSystemCommon.cpp,330,[INFO]:	Add product RobotControl. Nr of products left is 2.
23-12-21  14:31:53	C:\a\1\s\DpManager\DpManagerSystemCommon.cpp,341,[INFO]:	Add all products that have only one dependency and it is RobotControl.
23-12-21  14:31:53	C:\a\1\s\DpManager\DpManagerSystemCommon.cpp,358,[INFO]:	Only dependency on RobotControl. Add product 'Robots' to the sorted List.
23-12-21  14:31:53	C:\a\1\s\DpManager\DpManagerSystemCommon.cpp,376,[INFO]:	Check dependency loop 0 starts, nr of products to solve dependency is 1.
23-12-21  14:31:53	C:\a\1\s\DpManager\DpManagerSystemCommon.cpp,431,[INFO]:	Add product 'Wizard' to the sorted List.
23-12-21  14:31:53	C:\a\1\s\DpManager\DpManagerSystemCommon.cpp,371,[INFO]:	No more products left to check dependency.
23-12-21  14:31:53	C:\a\1\s\DpManager\DpManagerSystemCommon.cpp,478,[INFO]:	Done resolving dependencies, status = 0.
23-12-21  14:31:53	C:\a\1\s\DpManager\DpManagerSysInstall.cpp,1089,[INFO]:	Product root dir path 'C:/Users/mike kamerman/AppData/Local/ABB/RobotWare'.
23-12-21  14:31:53	C:\a\1\s\DpManager\DpManagerSysInstall.cpp,1110,[INFO]:	Install product 'RobotOS' to 'C:/Users/mike kamerman/AppData/Local/ABB/RobotWare/RobotOS_9.0.0'.
23-12-21  14:31:53	C:\a\1\s\DpManager\DpManagerSysInstall.cpp,1126,[INFO]:	Product 'RobotOS' is already installed.
23-12-21  14:31:53	C:\a\1\s\DpManager\DpManagerSysInstall.cpp,1110,[INFO]:	Install product 'RobotControl' to 'C:/Users/mike kamerman/AppData/Local/ABB/RobotWare/RobotControl_7.10.0'.
23-12-21  14:31:53	C:\a\1\s\DpManager\DpManagerSysInstall.cpp,1126,[INFO]:	Product 'RobotControl' is already installed.
23-12-21  14:31:53	C:\a\1\s\DpManager\DpManagerSysInstall.cpp,1110,[INFO]:	Install product 'Robots' to 'C:/Users/mike kamerman/AppData/Local/ABB/RobotWare/Robots_1.10.0'.
23-12-21  14:31:53	C:\a\1\s\DpManager\DpManagerSysInstall.cpp,1126,[INFO]:	Product 'Robots' is already installed.
23-12-21  14:31:53	C:\a\1\s\DpManager\DpManagerSysInstall.cpp,1110,[INFO]:	Install product 'Wizard' to 'C:/Users/mike kamerman/AppData/Local/ABB/RobotWare/Wizard_1.5.1'.
23-12-21  14:31:53	C:\a\1\s\DpManager\DpManagerSysInstall.cpp,1126,[INFO]:	Product 'Wizard' is already installed.
23-12-21  14:31:53	C:\a\1\s\DpManager\DpManagerSysInstall.cpp,1853,[INFO]:	Write return message to file 'C:/Users/mike kamerman/Documents/RobotStudio/Projects/Process_and_Safety_V2/Virtual Controllers/CRB1100_4_47/internal/inbox/message'.
23-12-21  14:31:53	C:\a\1\s\DpManager\DpManagerUtility.cpp,1439,[INFO]:	Get boot info for 'VC' platform...
23-12-21  14:31:53	C:\a\1\s\DpManager\DpManagerUtility.cpp,1394,[INFO]:	Got '/VCImage' from the common section: S27.01/bin/s27.01.dll.
23-12-21  14:31:53	C:\a\1\s\DpManager\DpManagerSystemCommon.cpp,2095,[INFO]:	S27 OS image path from boot info: C:/Users/mike kamerman/AppData/Local/ABB/RobotWare/RobotOS_9.0.0/S27.01/bin/s27.01.dll.
23-12-21  14:31:53	C:\a\1\s\DpManager\DpManagerSysInstall.cpp,1342,[INFO]:	Installation has been finished, status = 0.
23-12-21  14:31:53	C:\a\1\s\DpManager\DpManagerSysInstall.cpp,1343,[INFO]:	Clean up the temporary files.
23-12-21  14:31:53	C:\a\1\s\VCInstaller\VCInstaller.cpp,557,[INFO]:	No HW settings file used.
#######  Log open at 23-12-21  14:33:03 West-Europa (standaardtijd) +0100 #######
23-12-21  14:33:03	C:\a\1\s\DpManager\DpManagerRWI.cpp,627,[INFO]:	Current RWI versionName: '1.10.0'
23-12-21  14:33:03	C:\a\1\s\DpManager\DpManagerRWI.cpp,638,[INFO]:	Current RWI version detail '1.10.0+39'
23-12-21  14:33:03	C:\a\1\s\Startup\Startup.cpp,778,[INFO]:	Current RWI: 1.10.0+39, 1.10.0, 32-bit
23-12-21  14:33:03	C:\a\1\s\Startup\Startup.cpp,795,[INFO]:	Controller Id: 
23-12-21  14:33:03	C:\a\1\s\Startup\Startup.cpp,797,[INFO]:	Controller Name: CRB1100_4_47
23-12-21  14:33:03	C:\a\1\s\DpManager\DpManagerSysUpdate.cpp,155,[INFO]:	Request to update RobotWare system is found in the installer inbox.
23-12-21  14:33:03	C:\a\1\s\DpManager\DpManagerSysUpdate.cpp,157,[INFO]:	Checking if Installer itself needs an update. 
23-12-21  14:33:03	C:\a\1\s\DpManager\DpManagerSystemCommon.cpp,1305,[INFO]:	Reading content in file path 'C:\Users\mike kamerman\AppData\Local\Temp\tmp7174.tmp\CRB1100_4_47/controller.rsf'.
23-12-21  14:33:03	C:\a\1\s\DpManager\DpManagerSystemCommon.cpp,842,[INFO]:	versionMin Major value: 9
23-12-21  14:33:03	C:\a\1\s\DpManager\DpManagerSystemCommon.cpp,865,[INFO]:	New dependency: RobotOS, min:9.0.0, max:9.99999999.99999999.
23-12-21  14:33:03	C:\a\1\s\DpManager\DpManagerSystemCommon.cpp,842,[INFO]:	versionMin Major value: 1
23-12-21  14:33:03	C:\a\1\s\DpManager\DpManagerSystemCommon.cpp,865,[INFO]:	New dependency: RobotWareInstallationUtilities, min:1.10.0, max:1.99999999.99999999.
23-12-21  14:33:04	C:\a\1\s\DpManager\DpManagerSystemCommon.cpp,842,[INFO]:	versionMin Major value: 1
23-12-21  14:33:04	C:\a\1\s\DpManager\DpManagerSystemCommon.cpp,865,[INFO]:	New dependency: RobotWareInstallationUtilities, min:1.10.0, max:1.99999999.99999999.
23-12-21  14:33:04	C:\a\1\s\DpManager\DpManagerSystemCommon.cpp,796,[INFO]:	Using default hwplatform for AddIns: '*'.
23-12-21  14:33:04	C:\a\1\s\DpManager\DpManagerSystemCommon.cpp,842,[INFO]:	versionMin Major value: 7
23-12-21  14:33:04	C:\a\1\s\DpManager\DpManagerSystemCommon.cpp,865,[INFO]:	New dependency: RobotControl, min:7.1.0-225.Internal, max:7.99999999.99999999.
23-12-21  14:33:05	C:\a\1\s\DpManager\DpManagerSystemCommon.cpp,796,[INFO]:	Using default hwplatform for AddIns: '*'.
23-12-21  14:33:05	C:\a\1\s\DpManager\DpManagerSystemCommon.cpp,811,[INFO]:	No <Dependecy> found in product 'Wizard' in file 'abb.cn.robotics.wizard_1.5.1.rmf'.
23-12-21  14:33:07	C:\a\3\s\ControllerManagerUtility\ControllerManagerUtility.cpp,653,[INFO]:	'C:/Users/mike kamerman/Documents/RobotStudio/Projects/Process_and_Safety_V2/Virtual Controllers/CRB1100_4_47/internal/temp/INSTALLTEMP/LICENSE/virtual.abb.robotics.robotcontrol.rlf' is not encrypted. 
23-12-21  14:33:07	C:\a\3\s\ControllerManagerUtility\ControllerManagerUtility.cpp,653,[INFO]:	'C:/Users/mike kamerman/Documents/RobotStudio/Projects/Process_and_Safety_V2/Virtual Controllers/CRB1100_4_47/internal/temp/INSTALLTEMP/LICENSE/virtual.abb.robotics.robotcontrol.rlf' is not encrypted. 
23-12-21  14:33:07	C:\a\1\s\DpManager\DpManagerRWI.cpp,627,[INFO]:	Current RWI versionName: '1.10.0'
23-12-21  14:33:07	C:\a\1\s\DpManager\DpManagerRWI.cpp,638,[INFO]:	Current RWI version detail '1.10.0+39'
23-12-21  14:33:07	C:\a\1\s\DpManager\DpManagerRWI.cpp,627,[INFO]:	Current RWI versionName: '1.10.0'
23-12-21  14:33:07	C:\a\1\s\DpManager\DpManagerRWI.cpp,638,[INFO]:	Current RWI version detail '1.10.0+39'
23-12-21  14:33:07	C:\a\1\s\DpManager\DpManagerSystemCommon.cpp,1630,[INFO]:	Product HW platform compatibility check done.
23-12-21  14:33:07	C:\a\1\s\DpManager\DpManagerSystemCommon.cpp,167,[INFO]:	Starting resolve dependencies. Current platform is 'vc', nr of products is 4.
23-12-21  14:33:07	C:\a\1\s\DpManager\DpManagerSystemCommon.cpp,215,[INFO]:	Added RobotOS, version '9.0.0+159'. Number of products left is 3.
23-12-21  14:33:07	C:\a\1\s\DpManager\DpManagerSystemCommon.cpp,255,[INFO]:	Dependency check to RobotOS.
23-12-21  14:33:07	C:\a\1\s\DpManager\DpManagerSystemCommon.cpp,330,[INFO]:	Add product RobotControl. Nr of products left is 2.
23-12-21  14:33:07	C:\a\1\s\DpManager\DpManagerSystemCommon.cpp,341,[INFO]:	Add all products that have only one dependency and it is RobotControl.
23-12-21  14:33:07	C:\a\1\s\DpManager\DpManagerSystemCommon.cpp,358,[INFO]:	Only dependency on RobotControl. Add product 'Robots' to the sorted List.
23-12-21  14:33:07	C:\a\1\s\DpManager\DpManagerSystemCommon.cpp,376,[INFO]:	Check dependency loop 0 starts, nr of products to solve dependency is 1.
23-12-21  14:33:07	C:\a\1\s\DpManager\DpManagerSystemCommon.cpp,431,[INFO]:	Add product 'Wizard' to the sorted List.
23-12-21  14:33:07	C:\a\1\s\DpManager\DpManagerSystemCommon.cpp,371,[INFO]:	No more products left to check dependency.
23-12-21  14:33:07	C:\a\1\s\DpManager\DpManagerSystemCommon.cpp,478,[INFO]:	Done resolving dependencies, status = 0.
23-12-21  14:33:07	C:\a\1\s\DpManager\DpManagerSysUpdate.cpp,1194,[INFO]:	Product root dir path 'C:/Users/mike kamerman/AppData/Local/ABB/RobotWare'. 
23-12-21  14:33:07	C:\a\1\s\DpManager\DpManagerUtility.cpp,1439,[INFO]:	Get boot info for 'VC' platform...
23-12-21  14:33:07	C:\a\1\s\DpManager\DpManagerUtility.cpp,1394,[INFO]:	Got '/VCImage' from the common section: S27.01/bin/s27.01.dll.
23-12-21  14:33:07	C:\a\1\s\DpManager\DpManagerSystemCommon.cpp,2095,[INFO]:	S27 OS image path from boot info: C:/Users/mike kamerman/AppData/Local/ABB/RobotWare/RobotOS_9.0.0/S27.01/bin/s27.01.dll.
23-12-21  14:33:07	C:\a\1\s\DpManager\FileManager.cpp,300,[INFO]:	Delete all files from the trash  starting, number of path = 1
23-12-21  14:33:07	C:\a\1\s\DpManager\FileManager.cpp,310,[INFO]:	Create directory 'C:/Users/mike kamerman/Documents/RobotStudio/Projects/Process_and_Safety_V2/Virtual Controllers/CRB1100_4_47/internal/TEMP/TRASH'
23-12-21  14:33:07	C:\a\1\s\DpManager\FileManager.cpp,170,[INFO]:	Moving: C:/Users/mike kamerman/Documents/RobotStudio/Projects/Process_and_Safety_V2/Virtual Controllers/CRB1100_4_47/internal/temp/INSTALLTEMP/LICENSE -> C:/Users/mike kamerman/Documents/RobotStudio/Projects/Process_and_Safety_V2/Virtual Controllers/CRB1100_4_47/internal/ctrldata/license
23-12-21  14:33:07	C:\a\1\s\DpManager\FileManager.cpp,175,[WARN]:	rename failed at first try, errno=17!
23-12-21  14:33:07	C:\a\1\s\DpManager\FileManager.cpp,487,[INFO]:	Move to TRASH: C:/Users/mike kamerman/Documents/RobotStudio/Projects/Process_and_Safety_V2/Virtual Controllers/CRB1100_4_47/internal/ctrldata/license -> C:/Users/mike kamerman/Documents/RobotStudio/Projects/Process_and_Safety_V2/Virtual Controllers/CRB1100_4_47/internal/TEMP/TRASH/0_x_license, status: 0
23-12-21  14:33:07	C:\a\1\s\DpManager\FileManager.cpp,229,[INFO]:	Move OK!
23-12-21  14:33:07	C:\a\1\s\DpManager\FileManager.cpp,170,[INFO]:	Moving: C:/Users/mike kamerman/Documents/RobotStudio/Projects/Process_and_Safety_V2/Virtual Controllers/CRB1100_4_47/internal/temp/prodlist.xml -> C:/Users/mike kamerman/Documents/RobotStudio/Projects/Process_and_Safety_V2/Virtual Controllers/CRB1100_4_47/internal/prodlist.xml
23-12-21  14:33:07	C:\a\1\s\DpManager\FileManager.cpp,175,[WARN]:	rename failed at first try, errno=17!
23-12-21  14:33:07	C:\a\1\s\DpManager\FileManager.cpp,487,[INFO]:	Move to TRASH: C:/Users/mike kamerman/Documents/RobotStudio/Projects/Process_and_Safety_V2/Virtual Controllers/CRB1100_4_47/internal/prodlist.xml -> C:/Users/mike kamerman/Documents/RobotStudio/Projects/Process_and_Safety_V2/Virtual Controllers/CRB1100_4_47/internal/TEMP/TRASH/1_x_prodlist.xml, status: 0
23-12-21  14:33:07	C:\a\1\s\DpManager\FileManager.cpp,229,[INFO]:	Move OK!
23-12-21  14:33:07	C:\a\1\s\DpManager\FileManager.cpp,170,[INFO]:	Moving: C:/Users/mike kamerman/Documents/RobotStudio/Projects/Process_and_Safety_V2/Virtual Controllers/CRB1100_4_47/internal/temp/BOOTAPP.CFG -> C:/Users/mike kamerman/Documents/RobotStudio/Projects/Process_and_Safety_V2/Virtual Controllers/CRB1100_4_47/internal/BOOT/BOOTAPP.CFG
23-12-21  14:33:07	C:\a\1\s\DpManager\FileManager.cpp,175,[WARN]:	rename failed at first try, errno=17!
23-12-21  14:33:07	C:\a\1\s\DpManager\FileManager.cpp,487,[INFO]:	Move to TRASH: C:/Users/mike kamerman/Documents/RobotStudio/Projects/Process_and_Safety_V2/Virtual Controllers/CRB1100_4_47/internal/BOOT/BOOTAPP.CFG -> C:/Users/mike kamerman/Documents/RobotStudio/Projects/Process_and_Safety_V2/Virtual Controllers/CRB1100_4_47/internal/TEMP/TRASH/2_x_BOOTAPP.CFG, status: 0
23-12-21  14:33:07	C:\a\1\s\DpManager\FileManager.cpp,229,[INFO]:	Move OK!
23-12-21  14:33:07	C:\a\1\s\DpManager\FileManager.cpp,170,[INFO]:	Moving: C:/Users/mike kamerman/Documents/RobotStudio/Projects/Process_and_Safety_V2/Virtual Controllers/CRB1100_4_47/TEMP/system.xml -> C:/Users/mike kamerman/Documents/RobotStudio/Projects/Process_and_Safety_V2/Virtual Controllers/CRB1100_4_47/system.xml
23-12-21  14:33:07	C:\a\1\s\DpManager\FileManager.cpp,175,[WARN]:	rename failed at first try, errno=17!
23-12-21  14:33:07	C:\a\1\s\DpManager\FileManager.cpp,487,[INFO]:	Move to TRASH: C:/Users/mike kamerman/Documents/RobotStudio/Projects/Process_and_Safety_V2/Virtual Controllers/CRB1100_4_47/system.xml -> C:/Users/mike kamerman/Documents/RobotStudio/Projects/Process_and_Safety_V2/Virtual Controllers/CRB1100_4_47/internal/TEMP/TRASH/3_x_system.xml, status: 0
23-12-21  14:33:07	C:\a\1\s\DpManager\FileManager.cpp,229,[INFO]:	Move OK!
23-12-21  14:33:07	C:\a\1\s\DpManager\FileManager.cpp,170,[INFO]:	Moving: C:/Users/mike kamerman/AppData/Local/Temp/tmp7174.tmp/CRB1100_4_47/controller.rsf -> C:/Users/mike kamerman/Documents/RobotStudio/Projects/Process_and_Safety_V2/Virtual Controllers/CRB1100_4_47/internal/controller.rsf
23-12-21  14:33:07	C:\a\1\s\DpManager\FileManager.cpp,175,[WARN]:	rename failed at first try, errno=17!
23-12-21  14:33:07	C:\a\1\s\DpManager\FileManager.cpp,487,[INFO]:	Move to TRASH: C:/Users/mike kamerman/Documents/RobotStudio/Projects/Process_and_Safety_V2/Virtual Controllers/CRB1100_4_47/internal/controller.rsf -> C:/Users/mike kamerman/Documents/RobotStudio/Projects/Process_and_Safety_V2/Virtual Controllers/CRB1100_4_47/internal/TEMP/TRASH/4_x_controller.rsf, status: 0
23-12-21  14:33:07	C:\a\1\s\DpManager\FileManager.cpp,229,[INFO]:	Move OK!
23-12-21  14:33:07	C:\a\1\s\DpManager\DpManagerUtility.cpp,1928,[INFO]:	Write return message to file 'C:/Users/mike kamerman/Documents/RobotStudio/Projects/Process_and_Safety_V2/Virtual Controllers/CRB1100_4_47/internal/inbox/message': messageStatus = 0 
23-12-21  14:33:07	C:\a\1\s\VCInstaller\VCInstaller.cpp,681,[INFO]:	ApplyUpdatePackage status = 0
#######  Log open at 24-01-23  12:21:13 West-Europa (standaardtijd) +0100 #######
24-01-23  12:21:13	C:\a\1\s\DpManager\DpManagerRWI.cpp,627,[INFO]:	Current RWI versionName: '1.10.0'
24-01-23  12:21:13	C:\a\1\s\DpManager\DpManagerRWI.cpp,638,[INFO]:	Current RWI version detail '1.10.0+39'
24-01-23  12:21:13	C:\a\1\s\Startup\Startup.cpp,778,[INFO]:	Current RWI: 1.10.0+39, 1.10.0, 32-bit
24-01-23  12:21:13	C:\a\1\s\Startup\Startup.cpp,795,[INFO]:	Controller Id: 
24-01-23  12:21:13	C:\a\1\s\Startup\Startup.cpp,797,[INFO]:	Controller Name: CRB1100_4_47
24-01-23  12:21:13	C:\a\1\s\DpManager\DpManagerSysInstall.cpp,849,[INFO]:	Starting SystemInstallImp::InitInstallation()...
24-01-23  12:21:13	C:\a\1\s\DpManager\DpManagerSystemCommon.cpp,1699,[INFO]:	Package version check for HW Platform completed. No problem found. current HWPlatform: vc, required pkg ver = 1 
24-01-23  12:21:13	C:\a\1\s\DpManager\DpManagerSysInstall.cpp,701,[INFO]:	Installation type 3, m_ctrl = '', rootPath = C:\Users\mike kamerman\AppData\Local\Temp\tmp5A35.tmp\CRB1100_4_47, systemPath = 'C:\Users\mike kamerman\AppData\Local\Temp\tmp5A35.tmp\CRB1100_4_47/Systems/CRB1100_4_47'.
24-01-23  12:21:13	C:\a\1\s\LicenseManager\LicenseManager.cpp,660,[INFO]:	File 'virtual.abb.cn.robotics.wizard_1.5.1.rlf' already exists. Delete the existing one.
24-01-23  12:21:13	C:\a\3\s\ControllerManagerUtility\ControllerManagerUtility.cpp,653,[INFO]:	'C:/#School/#Minor Industrial Automation/#Process and Safety/#Project/PS_diagrams/Robot_program/Process_and_Safety_V2/Process_and_Safety_V2/Virtual Controllers/CRB1100_4_47/internal/temp/INSTALLTEMP/LICENSE/virtual.abb.robotics.robotcontrol.rlf' is not encrypted. 
24-01-23  12:21:13	C:\a\3\s\ControllerManagerUtility\ControllerManagerUtility.cpp,653,[INFO]:	'C:/#School/#Minor Industrial Automation/#Process and Safety/#Project/PS_diagrams/Robot_program/Process_and_Safety_V2/Process_and_Safety_V2/Virtual Controllers/CRB1100_4_47/internal/temp/INSTALLTEMP/LICENSE/virtual.abb.robotics.robotcontrol.rlf' is not encrypted. 
24-01-23  12:21:13	C:\a\1\s\LicenseManager\LicenseManager.cpp,681,[INFO]:	Validate file 'virtual.abb.cn.robotics.wizard_1.5.1.rlf'
24-01-23  12:21:13	C:\a\1\s\LicenseManager\LicenseManager.cpp,660,[INFO]:	File 'virtual.abb.robotics.robotcontrol.rlf' already exists. Delete the existing one.
24-01-23  12:21:13	C:\a\1\s\LicenseManager\LicenseManager.cpp,681,[INFO]:	Validate file 'virtual.abb.robotics.robotcontrol.rlf'
24-01-23  12:21:13	C:\a\3\s\ControllerManagerUtility\ControllerManagerUtility.cpp,653,[INFO]:	'C:/Users/mike kamerman/AppData/Local/Temp/tmp5A35.tmp/CRB1100_4_47/Licenses/virtual.abb.robotics.robotcontrol.rlf' is not encrypted. 
24-01-23  12:21:13	C:\a\1\s\LicenseManager\LicenseManager.cpp,660,[INFO]:	File 'virtual.abb.robotics.robots.rlf' already exists. Delete the existing one.
24-01-23  12:21:13	C:\a\3\s\ControllerManagerUtility\ControllerManagerUtility.cpp,653,[INFO]:	'C:/#School/#Minor Industrial Automation/#Process and Safety/#Project/PS_diagrams/Robot_program/Process_and_Safety_V2/Process_and_Safety_V2/Virtual Controllers/CRB1100_4_47/internal/temp/INSTALLTEMP/LICENSE/virtual.abb.robotics.robotcontrol.rlf' is not encrypted. 
24-01-23  12:21:13	C:\a\3\s\ControllerManagerUtility\ControllerManagerUtility.cpp,653,[INFO]:	'C:/#School/#Minor Industrial Automation/#Process and Safety/#Project/PS_diagrams/Robot_program/Process_and_Safety_V2/Process_and_Safety_V2/Virtual Controllers/CRB1100_4_47/internal/temp/INSTALLTEMP/LICENSE/virtual.abb.robotics.robotcontrol.rlf' is not encrypted. 
24-01-23  12:21:13	C:\a\1\s\LicenseManager\LicenseManager.cpp,681,[INFO]:	Validate file 'virtual.abb.robotics.robots.rlf'
24-01-23  12:21:13	C:\a\1\s\DpManager\DpManagerSystemCommon.cpp,1305,[INFO]:	Reading content in file path 'C:\Users\mike kamerman\AppData\Local\Temp\tmp5A35.tmp\CRB1100_4_47/Systems/CRB1100_4_47/controller.rsf'.
24-01-23  12:21:13	C:\a\1\s\DpManager\DpManagerSysInstall.cpp,1818,[INFO]:	Path = 'C:\Users\mike kamerman\AppData\Local\Temp\tmp5A35.tmp\CRB1100_4_47/Products/abb.robotics.robotcontrol', manifestfile = 'abb.robotics.robotcontrol.rmf'.
24-01-23  12:21:13	C:\a\1\s\DpManager\DpManagerSysInstall.cpp,1818,[INFO]:	Path = 'C:\Users\mike kamerman\AppData\Local\Temp\tmp5A35.tmp\CRB1100_4_47/Products/abb.robotics.robotos', manifestfile = 'abb.robotics.robotos.rmf'.
24-01-23  12:21:13	C:\a\1\s\DpManager\DpManagerSysInstall.cpp,1818,[INFO]:	Path = 'C:\Users\mike kamerman\AppData\Local\Temp\tmp5A35.tmp\CRB1100_4_47/Products/abb.robotics.robots', manifestfile = 'abb.robotics.robots.rmf'.
24-01-23  12:21:13	C:\a\1\s\DpManager\DpManagerSysInstall.cpp,1818,[INFO]:	Path = 'C:\Users\mike kamerman\AppData\Local\Temp\tmp5A35.tmp\CRB1100_4_47/Products/abb.cn.robotics.wizard', manifestfile = 'abb.cn.robotics.wizard_1.5.1.rmf'.
24-01-23  12:21:13	C:\a\1\s\DpManager\DpManagerSystemCommon.cpp,842,[INFO]:	versionMin Major value: 9
24-01-23  12:21:13	C:\a\1\s\DpManager\DpManagerSystemCommon.cpp,865,[INFO]:	New dependency: RobotOS, min:9.0.0, max:9.99999999.99999999.
24-01-23  12:21:13	C:\a\1\s\DpManager\DpManagerSystemCommon.cpp,842,[INFO]:	versionMin Major value: 1
24-01-23  12:21:13	C:\a\1\s\DpManager\DpManagerSystemCommon.cpp,865,[INFO]:	New dependency: RobotWareInstallationUtilities, min:1.10.0, max:1.99999999.99999999.
24-01-23  12:21:13	C:\a\1\s\DpManager\DpManagerSystemCommon.cpp,842,[INFO]:	versionMin Major value: 1
24-01-23  12:21:13	C:\a\1\s\DpManager\DpManagerSystemCommon.cpp,865,[INFO]:	New dependency: RobotWareInstallationUtilities, min:1.10.0, max:1.99999999.99999999.
24-01-23  12:21:13	C:\a\1\s\DpManager\DpManagerSystemCommon.cpp,796,[INFO]:	Using default hwplatform for AddIns: '*'.
24-01-23  12:21:13	C:\a\1\s\DpManager\DpManagerSystemCommon.cpp,842,[INFO]:	versionMin Major value: 7
24-01-23  12:21:13	C:\a\1\s\DpManager\DpManagerSystemCommon.cpp,865,[INFO]:	New dependency: RobotControl, min:7.1.0-225.Internal, max:7.99999999.99999999.
24-01-23  12:21:15	C:\a\1\s\DpManager\DpManagerSystemCommon.cpp,796,[INFO]:	Using default hwplatform for AddIns: '*'.
24-01-23  12:21:15	C:\a\1\s\DpManager\DpManagerSystemCommon.cpp,811,[INFO]:	No <Dependecy> found in product 'Wizard' in file 'abb.cn.robotics.wizard_1.5.1.rmf'.
24-01-23  12:21:17	C:\a\3\s\ControllerManagerUtility\ControllerManagerUtility.cpp,653,[INFO]:	'C:/#School/#Minor Industrial Automation/#Process and Safety/#Project/PS_diagrams/Robot_program/Process_and_Safety_V2/Process_and_Safety_V2/Virtual Controllers/CRB1100_4_47/internal/temp/INSTALLTEMP/LICENSE/virtual.abb.robotics.robotcontrol.rlf' is not encrypted. 
24-01-23  12:21:17	C:\a\3\s\ControllerManagerUtility\ControllerManagerUtility.cpp,653,[INFO]:	'C:/#School/#Minor Industrial Automation/#Process and Safety/#Project/PS_diagrams/Robot_program/Process_and_Safety_V2/Process_and_Safety_V2/Virtual Controllers/CRB1100_4_47/internal/temp/INSTALLTEMP/LICENSE/virtual.abb.robotics.robotcontrol.rlf' is not encrypted. 
24-01-23  12:21:17	C:\a\1\s\DpManager\DpManagerUtility.cpp,677,[INFO]:	Validate manifest 'C:\Users\mike kamerman\AppData\Local\Temp\tmp5A35.tmp\CRB1100_4_47/Products/abb.robotics.robotcontrol/abb.robotics.robotcontrol.rmf'
24-01-23  12:21:17	C:\a\1\s\DpManager\DpManagerUtility.cpp,740,[INFO]:	Validate all .rpk files.
24-01-23  12:21:17	C:\a\1\s\DpManager\DpManagerUtility.cpp,677,[INFO]:	Validate manifest 'C:\Users\mike kamerman\AppData\Local\Temp\tmp5A35.tmp\CRB1100_4_47/Products/abb.robotics.robotos/abb.robotics.robotos.rmf'
24-01-23  12:21:17	C:\a\1\s\DpManager\DpManagerUtility.cpp,740,[INFO]:	Validate all .rpk files.
24-01-23  12:21:17	C:\a\1\s\DpManager\DpManagerUtility.cpp,677,[INFO]:	Validate manifest 'C:\Users\mike kamerman\AppData\Local\Temp\tmp5A35.tmp\CRB1100_4_47/Products/abb.robotics.robots/abb.robotics.robots.rmf'
24-01-23  12:21:17	C:\a\1\s\DpManager\DpManagerUtility.cpp,740,[INFO]:	Validate all .rpk files.
24-01-23  12:21:17	C:\a\1\s\DpManager\DpManagerUtility.cpp,677,[INFO]:	Validate manifest 'C:\Users\mike kamerman\AppData\Local\Temp\tmp5A35.tmp\CRB1100_4_47/Products/abb.cn.robotics.wizard/abb.cn.robotics.wizard_1.5.1.rmf'
24-01-23  12:21:17	C:\a\1\s\DpManager\DpManagerUtility.cpp,740,[INFO]:	Validate all .rpk files.
24-01-23  12:21:17	C:\a\1\s\DpManager\DpManagerRWI.cpp,627,[INFO]:	Current RWI versionName: '1.10.0'
24-01-23  12:21:17	C:\a\1\s\DpManager\DpManagerRWI.cpp,638,[INFO]:	Current RWI version detail '1.10.0+39'
24-01-23  12:21:17	C:\a\1\s\DpManager\DpManagerRWI.cpp,627,[INFO]:	Current RWI versionName: '1.10.0'
24-01-23  12:21:17	C:\a\1\s\DpManager\DpManagerRWI.cpp,638,[INFO]:	Current RWI version detail '1.10.0+39'
24-01-23  12:21:17	C:\a\1\s\DpManager\DpManagerSystemCommon.cpp,1630,[INFO]:	Product HW platform compatibility check done.
24-01-23  12:21:17	C:\a\1\s\DpManager\DpManagerSystemCommon.cpp,167,[INFO]:	Starting resolve dependencies. Current platform is 'vc', nr of products is 4.
24-01-23  12:21:17	C:\a\1\s\DpManager\DpManagerSystemCommon.cpp,215,[INFO]:	Added RobotOS, version '9.0.0+159'. Number of products left is 3.
24-01-23  12:21:17	C:\a\1\s\DpManager\DpManagerSystemCommon.cpp,255,[INFO]:	Dependency check to RobotOS.
24-01-23  12:21:17	C:\a\1\s\DpManager\DpManagerSystemCommon.cpp,330,[INFO]:	Add product RobotControl. Nr of products left is 2.
24-01-23  12:21:17	C:\a\1\s\DpManager\DpManagerSystemCommon.cpp,341,[INFO]:	Add all products that have only one dependency and it is RobotControl.
24-01-23  12:21:17	C:\a\1\s\DpManager\DpManagerSystemCommon.cpp,358,[INFO]:	Only dependency on RobotControl. Add product 'Robots' to the sorted List.
24-01-23  12:21:17	C:\a\1\s\DpManager\DpManagerSystemCommon.cpp,376,[INFO]:	Check dependency loop 0 starts, nr of products to solve dependency is 1.
24-01-23  12:21:17	C:\a\1\s\DpManager\DpManagerSystemCommon.cpp,431,[INFO]:	Add product 'Wizard' to the sorted List.
24-01-23  12:21:17	C:\a\1\s\DpManager\DpManagerSystemCommon.cpp,371,[INFO]:	No more products left to check dependency.
24-01-23  12:21:17	C:\a\1\s\DpManager\DpManagerSystemCommon.cpp,478,[INFO]:	Done resolving dependencies, status = 0.
24-01-23  12:21:17	C:\a\1\s\DpManager\DpManagerSysInstall.cpp,1089,[INFO]:	Product root dir path 'C:/Users/mike kamerman/AppData/Local/ABB/RobotWare'.
24-01-23  12:21:17	C:\a\1\s\DpManager\DpManagerSysInstall.cpp,1110,[INFO]:	Install product 'RobotOS' to 'C:/Users/mike kamerman/AppData/Local/ABB/RobotWare/RobotOS_9.0.0'.
24-01-23  12:21:17	C:\a\1\s\DpManager\DpManagerSysInstall.cpp,1126,[INFO]:	Product 'RobotOS' is already installed.
24-01-23  12:21:17	C:\a\1\s\DpManager\DpManagerSysInstall.cpp,1110,[INFO]:	Install product 'RobotControl' to 'C:/Users/mike kamerman/AppData/Local/ABB/RobotWare/RobotControl_7.10.0'.
24-01-23  12:21:17	C:\a\1\s\DpManager\DpManagerSysInstall.cpp,1126,[INFO]:	Product 'RobotControl' is already installed.
24-01-23  12:21:17	C:\a\1\s\DpManager\DpManagerSysInstall.cpp,1110,[INFO]:	Install product 'Robots' to 'C:/Users/mike kamerman/AppData/Local/ABB/RobotWare/Robots_1.10.0'.
24-01-23  12:21:17	C:\a\1\s\DpManager\DpManagerSysInstall.cpp,1126,[INFO]:	Product 'Robots' is already installed.
24-01-23  12:21:17	C:\a\1\s\DpManager\DpManagerSysInstall.cpp,1110,[INFO]:	Install product 'Wizard' to 'C:/Users/mike kamerman/AppData/Local/ABB/RobotWare/Wizard_1.5.1'.
24-01-23  12:21:17	C:\a\1\s\DpManager\DpManagerSysInstall.cpp,1126,[INFO]:	Product 'Wizard' is already installed.
24-01-23  12:21:17	C:\a\1\s\DpManager\DpManagerSysInstall.cpp,1853,[INFO]:	Write return message to file 'C:/#School/#Minor Industrial Automation/#Process and Safety/#Project/PS_diagrams/Robot_program/Process_and_Safety_V2/Process_and_Safety_V2/Virtual Controllers/CRB1100_4_47/internal/inbox/message'.
24-01-23  12:21:17	C:\a\1\s\DpManager\DpManagerUtility.cpp,1439,[INFO]:	Get boot info for 'VC' platform...
24-01-23  12:21:17	C:\a\1\s\DpManager\DpManagerUtility.cpp,1394,[INFO]:	Got '/VCImage' from the common section: S27.01/bin/s27.01.dll.
24-01-23  12:21:17	C:\a\1\s\DpManager\DpManagerSystemCommon.cpp,2095,[INFO]:	S27 OS image path from boot info: C:/Users/mike kamerman/AppData/Local/ABB/RobotWare/RobotOS_9.0.0/S27.01/bin/s27.01.dll.
24-01-23  12:21:17	C:\a\1\s\DpManager\DpManagerSysInstall.cpp,1342,[INFO]:	Installation has been finished, status = 0.
24-01-23  12:21:17	C:\a\1\s\DpManager\DpManagerSysInstall.cpp,1343,[INFO]:	Clean up the temporary files.
24-01-23  12:21:17	C:\a\1\s\VCInstaller\VCInstaller.cpp,557,[INFO]:	No HW settings file used.
